2017-04-14 11:05:23,145 [Worker-26] INFO  o.e.m.c.i.e.AbstractTransferListenerAdapter - Downloading https://repo.maven.apache.org/maven2/org/apache/maven/plugins/maven-compiler-plugin/3.5.1/maven-compiler-plugin-3.5.1.jar
2017-04-14 11:05:23,476 [Worker-26] INFO  o.e.m.c.i.e.AbstractTransferListenerAdapter - Downloaded https://repo.maven.apache.org/maven2/org/apache/maven/plugins/maven-compiler-plugin/3.5.1/maven-compiler-plugin-3.5.1.jar
2017-04-14 11:05:23,776 [Worker-26] INFO  o.e.m.c.i.e.AbstractTransferListenerAdapter - Downloading https://repo.maven.apache.org/maven2/org/apache/maven/plugins/maven-war-plugin/3.0.0/maven-war-plugin-3.0.0.jar
2017-04-14 11:05:24,031 [Worker-26] INFO  o.e.m.c.i.e.AbstractTransferListenerAdapter - Downloaded https://repo.maven.apache.org/maven2/org/apache/maven/plugins/maven-war-plugin/3.0.0/maven-war-plugin-3.0.0.jar
2017-04-14 11:05:24,288 [Worker-26] INFO  o.e.m.c.i.e.AbstractTransferListenerAdapter - Downloading https://repo.maven.apache.org/maven2/org/apache/maven/plugins/maven-compiler-plugin/3.5.1/maven-compiler-plugin-3.5.1.pom
2017-04-14 11:05:24,430 [Worker-26] INFO  o.e.m.c.i.e.AbstractTransferListenerAdapter - Downloaded https://repo.maven.apache.org/maven2/org/apache/maven/plugins/maven-compiler-plugin/3.5.1/maven-compiler-plugin-3.5.1.pom
2017-04-14 11:05:24,571 [Worker-26] INFO  o.e.m.c.i.e.AbstractTransferListenerAdapter - Downloading https://repo.maven.apache.org/maven2/org/apache/maven/plugins/maven-plugins/28/maven-plugins-28.pom
2017-04-14 11:05:24,733 [Worker-26] INFO  o.e.m.c.i.e.AbstractTransferListenerAdapter - Downloaded https://repo.maven.apache.org/maven2/org/apache/maven/plugins/maven-plugins/28/maven-plugins-28.pom
2017-04-14 11:05:24,865 [Worker-26] INFO  o.e.m.c.i.e.AbstractTransferListenerAdapter - Downloading https://repo.maven.apache.org/maven2/org/apache/maven/maven-parent/27/maven-parent-27.pom
2017-04-14 11:05:25,029 [Worker-26] INFO  o.e.m.c.i.e.AbstractTransferListenerAdapter - Downloaded https://repo.maven.apache.org/maven2/org/apache/maven/maven-parent/27/maven-parent-27.pom
2017-04-14 11:05:25,181 [Worker-26] INFO  o.e.m.c.i.e.AbstractTransferListenerAdapter - Downloading https://repo.maven.apache.org/maven2/org/apache/apache/17/apache-17.pom
2017-04-14 11:05:25,341 [Worker-26] INFO  o.e.m.c.i.e.AbstractTransferListenerAdapter - Downloaded https://repo.maven.apache.org/maven2/org/apache/apache/17/apache-17.pom
2017-04-14 11:05:25,553 [Worker-26] INFO  o.e.m.c.i.e.AbstractTransferListenerAdapter - Downloading https://repo.maven.apache.org/maven2/org/apache/maven/maven-plugin-api/3.0/maven-plugin-api-3.0.pom
2017-04-14 11:05:25,709 [Worker-26] INFO  o.e.m.c.i.e.AbstractTransferListenerAdapter - Downloaded https://repo.maven.apache.org/maven2/org/apache/maven/maven-plugin-api/3.0/maven-plugin-api-3.0.pom
2017-04-14 11:05:25,833 [Worker-26] INFO  o.e.m.c.i.e.AbstractTransferListenerAdapter - Downloading https://repo.maven.apache.org/maven2/org/apache/maven/maven/3.0/maven-3.0.pom
2017-04-14 11:05:26,000 [Worker-26] INFO  o.e.m.c.i.e.AbstractTransferListenerAdapter - Downloaded https://repo.maven.apache.org/maven2/org/apache/maven/maven/3.0/maven-3.0.pom
2017-04-14 11:05:26,133 [Worker-26] INFO  o.e.m.c.i.e.AbstractTransferListenerAdapter - Downloading https://repo.maven.apache.org/maven2/org/apache/maven/maven-parent/15/maven-parent-15.pom
2017-04-14 11:05:26,297 [Worker-26] INFO  o.e.m.c.i.e.AbstractTransferListenerAdapter - Downloaded https://repo.maven.apache.org/maven2/org/apache/maven/maven-parent/15/maven-parent-15.pom
2017-04-14 11:05:26,448 [Worker-26] INFO  o.e.m.c.i.e.AbstractTransferListenerAdapter - Downloading https://repo.maven.apache.org/maven2/org/apache/maven/maven-model/3.0/maven-model-3.0.pom
2017-04-14 11:05:26,607 [Worker-26] INFO  o.e.m.c.i.e.AbstractTransferListenerAdapter - Downloaded https://repo.maven.apache.org/maven2/org/apache/maven/maven-model/3.0/maven-model-3.0.pom
2017-04-14 11:05:26,737 [Worker-26] INFO  o.e.m.c.i.e.AbstractTransferListenerAdapter - Downloading https://repo.maven.apache.org/maven2/org/codehaus/plexus/plexus-utils/2.0.4/plexus-utils-2.0.4.pom
2017-04-14 11:05:26,876 [Worker-26] INFO  o.e.m.c.i.e.AbstractTransferListenerAdapter - Downloaded https://repo.maven.apache.org/maven2/org/codehaus/plexus/plexus-utils/2.0.4/plexus-utils-2.0.4.pom
2017-04-14 11:05:27,030 [Worker-26] INFO  o.e.m.c.i.e.AbstractTransferListenerAdapter - Downloading https://repo.maven.apache.org/maven2/org/apache/maven/maven-artifact/3.0/maven-artifact-3.0.pom
2017-04-14 11:05:27,166 [Worker-26] INFO  o.e.m.c.i.e.AbstractTransferListenerAdapter - Downloaded https://repo.maven.apache.org/maven2/org/apache/maven/maven-artifact/3.0/maven-artifact-3.0.pom
2017-04-14 11:05:27,319 [Worker-26] INFO  o.e.m.c.i.e.AbstractTransferListenerAdapter - Downloading https://repo.maven.apache.org/maven2/org/sonatype/sisu/sisu-inject-plexus/1.4.2/sisu-inject-plexus-1.4.2.pom
2017-04-14 11:05:27,445 [Worker-26] INFO  o.e.m.c.i.e.AbstractTransferListenerAdapter - Downloaded https://repo.maven.apache.org/maven2/org/sonatype/sisu/sisu-inject-plexus/1.4.2/sisu-inject-plexus-1.4.2.pom
2017-04-14 11:05:27,561 [Worker-26] INFO  o.e.m.c.i.e.AbstractTransferListenerAdapter - Downloading https://repo.maven.apache.org/maven2/org/sonatype/sisu/inject/guice-plexus/1.4.2/guice-plexus-1.4.2.pom
2017-04-14 11:05:27,711 [Worker-26] INFO  o.e.m.c.i.e.AbstractTransferListenerAdapter - Downloaded https://repo.maven.apache.org/maven2/org/sonatype/sisu/inject/guice-plexus/1.4.2/guice-plexus-1.4.2.pom
2017-04-14 11:05:27,841 [Worker-26] INFO  o.e.m.c.i.e.AbstractTransferListenerAdapter - Downloading https://repo.maven.apache.org/maven2/org/sonatype/sisu/inject/guice-bean/1.4.2/guice-bean-1.4.2.pom
2017-04-14 11:05:28,001 [Worker-26] INFO  o.e.m.c.i.e.AbstractTransferListenerAdapter - Downloaded https://repo.maven.apache.org/maven2/org/sonatype/sisu/inject/guice-bean/1.4.2/guice-bean-1.4.2.pom
2017-04-14 11:05:28,117 [Worker-26] INFO  o.e.m.c.i.e.AbstractTransferListenerAdapter - Downloading https://repo.maven.apache.org/maven2/org/sonatype/sisu/sisu-inject/1.4.2/sisu-inject-1.4.2.pom
2017-04-14 11:05:28,248 [Worker-26] INFO  o.e.m.c.i.e.AbstractTransferListenerAdapter - Downloaded https://repo.maven.apache.org/maven2/org/sonatype/sisu/sisu-inject/1.4.2/sisu-inject-1.4.2.pom
2017-04-14 11:05:28,367 [Worker-26] INFO  o.e.m.c.i.e.AbstractTransferListenerAdapter - Downloading https://repo.maven.apache.org/maven2/org/sonatype/sisu/sisu-parent/1.4.2/sisu-parent-1.4.2.pom
2017-04-14 11:05:28,523 [Worker-26] INFO  o.e.m.c.i.e.AbstractTransferListenerAdapter - Downloaded https://repo.maven.apache.org/maven2/org/sonatype/sisu/sisu-parent/1.4.2/sisu-parent-1.4.2.pom
2017-04-14 11:05:28,650 [Worker-26] INFO  o.e.m.c.i.e.AbstractTransferListenerAdapter - Downloading https://repo.maven.apache.org/maven2/org/sonatype/forge/forge-parent/6/forge-parent-6.pom
2017-04-14 11:05:28,804 [Worker-26] INFO  o.e.m.c.i.e.AbstractTransferListenerAdapter - Downloaded https://repo.maven.apache.org/maven2/org/sonatype/forge/forge-parent/6/forge-parent-6.pom
2017-04-14 11:05:29,009 [Worker-26] INFO  o.e.m.c.i.e.AbstractTransferListenerAdapter - Downloading https://repo.maven.apache.org/maven2/org/codehaus/plexus/plexus-classworlds/2.2.3/plexus-classworlds-2.2.3.pom
2017-04-14 11:05:29,175 [Worker-26] INFO  o.e.m.c.i.e.AbstractTransferListenerAdapter - Downloaded https://repo.maven.apache.org/maven2/org/codehaus/plexus/plexus-classworlds/2.2.3/plexus-classworlds-2.2.3.pom
2017-04-14 11:05:29,325 [Worker-26] INFO  o.e.m.c.i.e.AbstractTransferListenerAdapter - Downloading https://repo.maven.apache.org/maven2/org/sonatype/sisu/sisu-inject-bean/1.4.2/sisu-inject-bean-1.4.2.pom
2017-04-14 11:05:29,466 [Worker-26] INFO  o.e.m.c.i.e.AbstractTransferListenerAdapter - Downloaded https://repo.maven.apache.org/maven2/org/sonatype/sisu/sisu-inject-bean/1.4.2/sisu-inject-bean-1.4.2.pom
2017-04-14 11:05:29,593 [Worker-26] INFO  o.e.m.c.i.e.AbstractTransferListenerAdapter - Downloading https://repo.maven.apache.org/maven2/org/sonatype/sisu/sisu-guice/2.1.7/sisu-guice-2.1.7.pom
2017-04-14 11:05:29,751 [Worker-26] INFO  o.e.m.c.i.e.AbstractTransferListenerAdapter - Downloaded https://repo.maven.apache.org/maven2/org/sonatype/sisu/sisu-guice/2.1.7/sisu-guice-2.1.7.pom
2017-04-14 11:05:29,882 [Worker-26] INFO  o.e.m.c.i.e.AbstractTransferListenerAdapter - Downloading https://repo.maven.apache.org/maven2/org/apache/maven/maven-core/3.0/maven-core-3.0.pom
2017-04-14 11:05:30,045 [Worker-26] INFO  o.e.m.c.i.e.AbstractTransferListenerAdapter - Downloaded https://repo.maven.apache.org/maven2/org/apache/maven/maven-core/3.0/maven-core-3.0.pom
2017-04-14 11:05:30,183 [Worker-26] INFO  o.e.m.c.i.e.AbstractTransferListenerAdapter - Downloading https://repo.maven.apache.org/maven2/org/apache/maven/maven-settings/3.0/maven-settings-3.0.pom
2017-04-14 11:05:30,317 [Worker-26] INFO  o.e.m.c.i.e.AbstractTransferListenerAdapter - Downloaded https://repo.maven.apache.org/maven2/org/apache/maven/maven-settings/3.0/maven-settings-3.0.pom
2017-04-14 11:05:30,440 [Worker-26] INFO  o.e.m.c.i.e.AbstractTransferListenerAdapter - Downloading https://repo.maven.apache.org/maven2/org/apache/maven/maven-settings-builder/3.0/maven-settings-builder-3.0.pom
2017-04-14 11:05:30,584 [Worker-26] INFO  o.e.m.c.i.e.AbstractTransferListenerAdapter - Downloaded https://repo.maven.apache.org/maven2/org/apache/maven/maven-settings-builder/3.0/maven-settings-builder-3.0.pom
2017-04-14 11:05:30,710 [Worker-26] INFO  o.e.m.c.i.e.AbstractTransferListenerAdapter - Downloading https://repo.maven.apache.org/maven2/org/codehaus/plexus/plexus-interpolation/1.14/plexus-interpolation-1.14.pom
2017-04-14 11:05:30,855 [Worker-26] INFO  o.e.m.c.i.e.AbstractTransferListenerAdapter - Downloaded https://repo.maven.apache.org/maven2/org/codehaus/plexus/plexus-interpolation/1.14/plexus-interpolation-1.14.pom
2017-04-14 11:05:30,976 [Worker-26] INFO  o.e.m.c.i.e.AbstractTransferListenerAdapter - Downloading https://repo.maven.apache.org/maven2/org/codehaus/plexus/plexus-components/1.1.18/plexus-components-1.1.18.pom
2017-04-14 11:05:31,132 [Worker-26] INFO  o.e.m.c.i.e.AbstractTransferListenerAdapter - Downloaded https://repo.maven.apache.org/maven2/org/codehaus/plexus/plexus-components/1.1.18/plexus-components-1.1.18.pom
2017-04-14 11:05:31,368 [Worker-26] INFO  o.e.m.c.i.e.AbstractTransferListenerAdapter - Downloading https://repo.maven.apache.org/maven2/org/apache/maven/maven-repository-metadata/3.0/maven-repository-metadata-3.0.pom
2017-04-14 11:05:31,514 [Worker-26] INFO  o.e.m.c.i.e.AbstractTransferListenerAdapter - Downloaded https://repo.maven.apache.org/maven2/org/apache/maven/maven-repository-metadata/3.0/maven-repository-metadata-3.0.pom
2017-04-14 11:05:31,637 [Worker-26] INFO  o.e.m.c.i.e.AbstractTransferListenerAdapter - Downloading https://repo.maven.apache.org/maven2/org/apache/maven/maven-model-builder/3.0/maven-model-builder-3.0.pom
2017-04-14 11:05:31,791 [Worker-26] INFO  o.e.m.c.i.e.AbstractTransferListenerAdapter - Downloaded https://repo.maven.apache.org/maven2/org/apache/maven/maven-model-builder/3.0/maven-model-builder-3.0.pom
2017-04-14 11:05:31,924 [Worker-26] INFO  o.e.m.c.i.e.AbstractTransferListenerAdapter - Downloading https://repo.maven.apache.org/maven2/org/apache/maven/maven-aether-provider/3.0/maven-aether-provider-3.0.pom
2017-04-14 11:05:32,080 [Worker-26] INFO  o.e.m.c.i.e.AbstractTransferListenerAdapter - Downloaded https://repo.maven.apache.org/maven2/org/apache/maven/maven-aether-provider/3.0/maven-aether-provider-3.0.pom
2017-04-14 11:05:32,210 [Worker-26] INFO  o.e.m.c.i.e.AbstractTransferListenerAdapter - Downloading https://repo.maven.apache.org/maven2/org/sonatype/aether/aether-api/1.7/aether-api-1.7.pom
2017-04-14 11:05:32,423 [Worker-26] INFO  o.e.m.c.i.e.AbstractTransferListenerAdapter - Downloaded https://repo.maven.apache.org/maven2/org/sonatype/aether/aether-api/1.7/aether-api-1.7.pom
2017-04-14 11:05:32,538 [Worker-26] INFO  o.e.m.c.i.e.AbstractTransferListenerAdapter - Downloading https://repo.maven.apache.org/maven2/org/sonatype/aether/aether-parent/1.7/aether-parent-1.7.pom
2017-04-14 11:05:32,679 [Worker-26] INFO  o.e.m.c.i.e.AbstractTransferListenerAdapter - Downloaded https://repo.maven.apache.org/maven2/org/sonatype/aether/aether-parent/1.7/aether-parent-1.7.pom
2017-04-14 11:05:32,805 [Worker-26] INFO  o.e.m.c.i.e.AbstractTransferListenerAdapter - Downloading https://repo.maven.apache.org/maven2/org/sonatype/aether/aether-util/1.7/aether-util-1.7.pom
2017-04-14 11:05:32,956 [Worker-26] INFO  o.e.m.c.i.e.AbstractTransferListenerAdapter - Downloaded https://repo.maven.apache.org/maven2/org/sonatype/aether/aether-util/1.7/aether-util-1.7.pom
2017-04-14 11:05:33,085 [Worker-26] INFO  o.e.m.c.i.e.AbstractTransferListenerAdapter - Downloading https://repo.maven.apache.org/maven2/org/sonatype/aether/aether-impl/1.7/aether-impl-1.7.pom
2017-04-14 11:05:33,245 [Worker-26] INFO  o.e.m.c.i.e.AbstractTransferListenerAdapter - Downloaded https://repo.maven.apache.org/maven2/org/sonatype/aether/aether-impl/1.7/aether-impl-1.7.pom
2017-04-14 11:05:33,376 [Worker-26] INFO  o.e.m.c.i.e.AbstractTransferListenerAdapter - Downloading https://repo.maven.apache.org/maven2/org/sonatype/aether/aether-spi/1.7/aether-spi-1.7.pom
2017-04-14 11:05:33,530 [Worker-26] INFO  o.e.m.c.i.e.AbstractTransferListenerAdapter - Downloaded https://repo.maven.apache.org/maven2/org/sonatype/aether/aether-spi/1.7/aether-spi-1.7.pom
2017-04-14 11:05:33,674 [Worker-26] INFO  o.e.m.c.i.e.AbstractTransferListenerAdapter - Downloading https://repo.maven.apache.org/maven2/org/apache/maven/maven-toolchain/2.2.1/maven-toolchain-2.2.1.pom
2017-04-14 11:05:33,838 [Worker-26] INFO  o.e.m.c.i.e.AbstractTransferListenerAdapter - Downloaded https://repo.maven.apache.org/maven2/org/apache/maven/maven-toolchain/2.2.1/maven-toolchain-2.2.1.pom
2017-04-14 11:05:34,750 [Worker-26] INFO  o.e.m.c.i.e.AbstractTransferListenerAdapter - Downloading https://repo.maven.apache.org/maven2/org/apache/maven/shared/maven-shared-utils/3.0.0/maven-shared-utils-3.0.0.pom
2017-04-14 11:05:34,901 [Worker-26] INFO  o.e.m.c.i.e.AbstractTransferListenerAdapter - Downloaded https://repo.maven.apache.org/maven2/org/apache/maven/shared/maven-shared-utils/3.0.0/maven-shared-utils-3.0.0.pom
2017-04-14 11:05:35,227 [Worker-26] INFO  o.e.m.c.i.e.AbstractTransferListenerAdapter - Downloading https://repo.maven.apache.org/maven2/org/codehaus/plexus/plexus-compiler-api/2.7/plexus-compiler-api-2.7.pom
2017-04-14 11:05:35,366 [Worker-26] INFO  o.e.m.c.i.e.AbstractTransferListenerAdapter - Downloaded https://repo.maven.apache.org/maven2/org/codehaus/plexus/plexus-compiler-api/2.7/plexus-compiler-api-2.7.pom
2017-04-14 11:05:35,488 [Worker-26] INFO  o.e.m.c.i.e.AbstractTransferListenerAdapter - Downloading https://repo.maven.apache.org/maven2/org/codehaus/plexus/plexus-compiler/2.7/plexus-compiler-2.7.pom
2017-04-14 11:05:35,630 [Worker-26] INFO  o.e.m.c.i.e.AbstractTransferListenerAdapter - Downloaded https://repo.maven.apache.org/maven2/org/codehaus/plexus/plexus-compiler/2.7/plexus-compiler-2.7.pom
2017-04-14 11:05:35,757 [Worker-26] INFO  o.e.m.c.i.e.AbstractTransferListenerAdapter - Downloading https://repo.maven.apache.org/maven2/org/codehaus/plexus/plexus-components/4.0/plexus-components-4.0.pom
2017-04-14 11:05:35,899 [Worker-26] INFO  o.e.m.c.i.e.AbstractTransferListenerAdapter - Downloaded https://repo.maven.apache.org/maven2/org/codehaus/plexus/plexus-components/4.0/plexus-components-4.0.pom
2017-04-14 11:05:36,010 [Worker-26] INFO  o.e.m.c.i.e.AbstractTransferListenerAdapter - Downloading https://repo.maven.apache.org/maven2/org/codehaus/plexus/plexus/4.0/plexus-4.0.pom
2017-04-14 11:05:36,172 [Worker-26] INFO  o.e.m.c.i.e.AbstractTransferListenerAdapter - Downloaded https://repo.maven.apache.org/maven2/org/codehaus/plexus/plexus/4.0/plexus-4.0.pom
2017-04-14 11:05:36,332 [Worker-26] INFO  o.e.m.c.i.e.AbstractTransferListenerAdapter - Downloading https://repo.maven.apache.org/maven2/org/codehaus/plexus/plexus-utils/3.0.22/plexus-utils-3.0.22.pom
2017-04-14 11:05:36,490 [Worker-26] INFO  o.e.m.c.i.e.AbstractTransferListenerAdapter - Downloaded https://repo.maven.apache.org/maven2/org/codehaus/plexus/plexus-utils/3.0.22/plexus-utils-3.0.22.pom
2017-04-14 11:05:36,656 [Worker-26] INFO  o.e.m.c.i.e.AbstractTransferListenerAdapter - Downloading https://repo.maven.apache.org/maven2/org/codehaus/plexus/plexus-compiler-manager/2.7/plexus-compiler-manager-2.7.pom
2017-04-14 11:05:36,805 [Worker-26] INFO  o.e.m.c.i.e.AbstractTransferListenerAdapter - Downloaded https://repo.maven.apache.org/maven2/org/codehaus/plexus/plexus-compiler-manager/2.7/plexus-compiler-manager-2.7.pom
2017-04-14 11:05:36,932 [Worker-26] INFO  o.e.m.c.i.e.AbstractTransferListenerAdapter - Downloading https://repo.maven.apache.org/maven2/org/codehaus/plexus/plexus-compiler-javac/2.7/plexus-compiler-javac-2.7.pom
2017-04-14 11:05:37,087 [Worker-26] INFO  o.e.m.c.i.e.AbstractTransferListenerAdapter - Downloaded https://repo.maven.apache.org/maven2/org/codehaus/plexus/plexus-compiler-javac/2.7/plexus-compiler-javac-2.7.pom
2017-04-14 11:05:37,205 [Worker-26] INFO  o.e.m.c.i.e.AbstractTransferListenerAdapter - Downloading https://repo.maven.apache.org/maven2/org/codehaus/plexus/plexus-compilers/2.7/plexus-compilers-2.7.pom
2017-04-14 11:05:37,364 [Worker-26] INFO  o.e.m.c.i.e.AbstractTransferListenerAdapter - Downloaded https://repo.maven.apache.org/maven2/org/codehaus/plexus/plexus-compilers/2.7/plexus-compilers-2.7.pom
2017-04-14 11:05:37,534 [Worker-26] INFO  o.e.m.c.i.e.AbstractTransferListenerAdapter - Downloading https://repo.maven.apache.org/maven2/org/apache/maven/maven-plugin-api/3.0/maven-plugin-api-3.0.jar
2017-04-14 11:05:37,691 [Worker-26] INFO  o.e.m.c.i.e.AbstractTransferListenerAdapter - Downloaded https://repo.maven.apache.org/maven2/org/apache/maven/maven-plugin-api/3.0/maven-plugin-api-3.0.jar
2017-04-14 11:05:37,802 [Worker-26] INFO  o.e.m.c.i.e.AbstractTransferListenerAdapter - Downloading https://repo.maven.apache.org/maven2/org/apache/maven/maven-model/3.0/maven-model-3.0.jar
2017-04-14 11:05:38,064 [Worker-26] INFO  o.e.m.c.i.e.AbstractTransferListenerAdapter - Downloaded https://repo.maven.apache.org/maven2/org/apache/maven/maven-model/3.0/maven-model-3.0.jar
2017-04-14 11:05:38,178 [Worker-26] INFO  o.e.m.c.i.e.AbstractTransferListenerAdapter - Downloading https://repo.maven.apache.org/maven2/org/sonatype/sisu/sisu-inject-plexus/1.4.2/sisu-inject-plexus-1.4.2.jar
2017-04-14 11:05:38,336 [Worker-26] INFO  o.e.m.c.i.e.AbstractTransferListenerAdapter - Downloaded https://repo.maven.apache.org/maven2/org/sonatype/sisu/sisu-inject-plexus/1.4.2/sisu-inject-plexus-1.4.2.jar
2017-04-14 11:05:38,445 [Worker-26] INFO  o.e.m.c.i.e.AbstractTransferListenerAdapter - Downloading https://repo.maven.apache.org/maven2/org/sonatype/sisu/sisu-inject-bean/1.4.2/sisu-inject-bean-1.4.2.jar
2017-04-14 11:05:38,600 [Worker-26] INFO  o.e.m.c.i.e.AbstractTransferListenerAdapter - Downloaded https://repo.maven.apache.org/maven2/org/sonatype/sisu/sisu-inject-bean/1.4.2/sisu-inject-bean-1.4.2.jar
2017-04-14 11:05:38,712 [Worker-26] INFO  o.e.m.c.i.e.AbstractTransferListenerAdapter - Downloading https://repo.maven.apache.org/maven2/org/sonatype/sisu/sisu-guice/2.1.7/sisu-guice-2.1.7-noaop.jar
2017-04-14 11:05:38,985 [Worker-26] INFO  o.e.m.c.i.e.AbstractTransferListenerAdapter - Downloaded https://repo.maven.apache.org/maven2/org/sonatype/sisu/sisu-guice/2.1.7/sisu-guice-2.1.7-noaop.jar
2017-04-14 11:05:39,094 [Worker-26] INFO  o.e.m.c.i.e.AbstractTransferListenerAdapter - Downloading https://repo.maven.apache.org/maven2/org/apache/maven/maven-artifact/3.0/maven-artifact-3.0.jar
2017-04-14 11:05:39,228 [Worker-26] INFO  o.e.m.c.i.e.AbstractTransferListenerAdapter - Downloaded https://repo.maven.apache.org/maven2/org/apache/maven/maven-artifact/3.0/maven-artifact-3.0.jar
2017-04-14 11:05:39,338 [Worker-26] INFO  o.e.m.c.i.e.AbstractTransferListenerAdapter - Downloading https://repo.maven.apache.org/maven2/org/codehaus/plexus/plexus-utils/2.0.4/plexus-utils-2.0.4.jar
2017-04-14 11:05:39,498 [Worker-26] INFO  o.e.m.c.i.e.AbstractTransferListenerAdapter - Downloaded https://repo.maven.apache.org/maven2/org/codehaus/plexus/plexus-utils/2.0.4/plexus-utils-2.0.4.jar
2017-04-14 11:05:39,605 [Worker-26] INFO  o.e.m.c.i.e.AbstractTransferListenerAdapter - Downloading https://repo.maven.apache.org/maven2/org/apache/maven/maven-core/3.0/maven-core-3.0.jar
2017-04-14 11:05:39,792 [Worker-26] INFO  o.e.m.c.i.e.AbstractTransferListenerAdapter - Downloaded https://repo.maven.apache.org/maven2/org/apache/maven/maven-core/3.0/maven-core-3.0.jar
2017-04-14 11:05:39,901 [Worker-26] INFO  o.e.m.c.i.e.AbstractTransferListenerAdapter - Downloading https://repo.maven.apache.org/maven2/org/apache/maven/maven-settings/3.0/maven-settings-3.0.jar
2017-04-14 11:05:40,045 [Worker-26] INFO  o.e.m.c.i.e.AbstractTransferListenerAdapter - Downloaded https://repo.maven.apache.org/maven2/org/apache/maven/maven-settings/3.0/maven-settings-3.0.jar
2017-04-14 11:05:40,152 [Worker-26] INFO  o.e.m.c.i.e.AbstractTransferListenerAdapter - Downloading https://repo.maven.apache.org/maven2/org/apache/maven/maven-settings-builder/3.0/maven-settings-builder-3.0.jar
2017-04-14 11:05:40,304 [Worker-26] INFO  o.e.m.c.i.e.AbstractTransferListenerAdapter - Downloaded https://repo.maven.apache.org/maven2/org/apache/maven/maven-settings-builder/3.0/maven-settings-builder-3.0.jar
2017-04-14 11:05:40,415 [Worker-26] INFO  o.e.m.c.i.e.AbstractTransferListenerAdapter - Downloading https://repo.maven.apache.org/maven2/org/apache/maven/maven-repository-metadata/3.0/maven-repository-metadata-3.0.jar
2017-04-14 11:05:40,560 [Worker-26] INFO  o.e.m.c.i.e.AbstractTransferListenerAdapter - Downloaded https://repo.maven.apache.org/maven2/org/apache/maven/maven-repository-metadata/3.0/maven-repository-metadata-3.0.jar
2017-04-14 11:05:40,669 [Worker-26] INFO  o.e.m.c.i.e.AbstractTransferListenerAdapter - Downloading https://repo.maven.apache.org/maven2/org/apache/maven/maven-model-builder/3.0/maven-model-builder-3.0.jar
2017-04-14 11:05:40,825 [Worker-26] INFO  o.e.m.c.i.e.AbstractTransferListenerAdapter - Downloaded https://repo.maven.apache.org/maven2/org/apache/maven/maven-model-builder/3.0/maven-model-builder-3.0.jar
2017-04-14 11:05:40,933 [Worker-26] INFO  o.e.m.c.i.e.AbstractTransferListenerAdapter - Downloading https://repo.maven.apache.org/maven2/org/apache/maven/maven-aether-provider/3.0/maven-aether-provider-3.0.jar
2017-04-14 11:05:41,081 [Worker-26] INFO  o.e.m.c.i.e.AbstractTransferListenerAdapter - Downloaded https://repo.maven.apache.org/maven2/org/apache/maven/maven-aether-provider/3.0/maven-aether-provider-3.0.jar
2017-04-14 11:05:41,190 [Worker-26] INFO  o.e.m.c.i.e.AbstractTransferListenerAdapter - Downloading https://repo.maven.apache.org/maven2/org/sonatype/aether/aether-impl/1.7/aether-impl-1.7.jar
2017-04-14 11:05:41,337 [Worker-26] INFO  o.e.m.c.i.e.AbstractTransferListenerAdapter - Downloaded https://repo.maven.apache.org/maven2/org/sonatype/aether/aether-impl/1.7/aether-impl-1.7.jar
2017-04-14 11:05:41,446 [Worker-26] INFO  o.e.m.c.i.e.AbstractTransferListenerAdapter - Downloading https://repo.maven.apache.org/maven2/org/sonatype/aether/aether-spi/1.7/aether-spi-1.7.jar
2017-04-14 11:05:41,600 [Worker-26] INFO  o.e.m.c.i.e.AbstractTransferListenerAdapter - Downloaded https://repo.maven.apache.org/maven2/org/sonatype/aether/aether-spi/1.7/aether-spi-1.7.jar
2017-04-14 11:05:41,710 [Worker-26] INFO  o.e.m.c.i.e.AbstractTransferListenerAdapter - Downloading https://repo.maven.apache.org/maven2/org/sonatype/aether/aether-api/1.7/aether-api-1.7.jar
2017-04-14 11:05:41,869 [Worker-26] INFO  o.e.m.c.i.e.AbstractTransferListenerAdapter - Downloaded https://repo.maven.apache.org/maven2/org/sonatype/aether/aether-api/1.7/aether-api-1.7.jar
2017-04-14 11:05:41,978 [Worker-26] INFO  o.e.m.c.i.e.AbstractTransferListenerAdapter - Downloading https://repo.maven.apache.org/maven2/org/sonatype/aether/aether-util/1.7/aether-util-1.7.jar
2017-04-14 11:05:42,133 [Worker-26] INFO  o.e.m.c.i.e.AbstractTransferListenerAdapter - Downloaded https://repo.maven.apache.org/maven2/org/sonatype/aether/aether-util/1.7/aether-util-1.7.jar
2017-04-14 11:05:42,241 [Worker-26] INFO  o.e.m.c.i.e.AbstractTransferListenerAdapter - Downloading https://repo.maven.apache.org/maven2/org/codehaus/plexus/plexus-interpolation/1.14/plexus-interpolation-1.14.jar
2017-04-14 11:05:42,363 [Worker-26] INFO  o.e.m.c.i.e.AbstractTransferListenerAdapter - Downloaded https://repo.maven.apache.org/maven2/org/codehaus/plexus/plexus-interpolation/1.14/plexus-interpolation-1.14.jar
2017-04-14 11:05:42,476 [Worker-26] INFO  o.e.m.c.i.e.AbstractTransferListenerAdapter - Downloading https://repo.maven.apache.org/maven2/org/codehaus/plexus/plexus-classworlds/2.2.3/plexus-classworlds-2.2.3.jar
2017-04-14 11:05:42,598 [Worker-26] INFO  o.e.m.c.i.e.AbstractTransferListenerAdapter - Downloaded https://repo.maven.apache.org/maven2/org/codehaus/plexus/plexus-classworlds/2.2.3/plexus-classworlds-2.2.3.jar
2017-04-14 11:05:42,706 [Worker-26] INFO  o.e.m.c.i.e.AbstractTransferListenerAdapter - Downloading https://repo.maven.apache.org/maven2/org/apache/maven/maven-toolchain/2.2.1/maven-toolchain-2.2.1.jar
2017-04-14 11:05:42,832 [Worker-26] INFO  o.e.m.c.i.e.AbstractTransferListenerAdapter - Downloaded https://repo.maven.apache.org/maven2/org/apache/maven/maven-toolchain/2.2.1/maven-toolchain-2.2.1.jar
2017-04-14 11:05:42,944 [Worker-26] INFO  o.e.m.c.i.e.AbstractTransferListenerAdapter - Downloading https://repo.maven.apache.org/maven2/org/apache/maven/shared/maven-shared-utils/3.0.0/maven-shared-utils-3.0.0.jar
2017-04-14 11:05:43,107 [Worker-26] INFO  o.e.m.c.i.e.AbstractTransferListenerAdapter - Downloaded https://repo.maven.apache.org/maven2/org/apache/maven/shared/maven-shared-utils/3.0.0/maven-shared-utils-3.0.0.jar
2017-04-14 11:05:43,215 [Worker-26] INFO  o.e.m.c.i.e.AbstractTransferListenerAdapter - Downloading https://repo.maven.apache.org/maven2/org/codehaus/plexus/plexus-compiler-api/2.7/plexus-compiler-api-2.7.jar
2017-04-14 11:05:43,365 [Worker-26] INFO  o.e.m.c.i.e.AbstractTransferListenerAdapter - Downloaded https://repo.maven.apache.org/maven2/org/codehaus/plexus/plexus-compiler-api/2.7/plexus-compiler-api-2.7.jar
2017-04-14 11:05:43,472 [Worker-26] INFO  o.e.m.c.i.e.AbstractTransferListenerAdapter - Downloading https://repo.maven.apache.org/maven2/org/codehaus/plexus/plexus-compiler-manager/2.7/plexus-compiler-manager-2.7.jar
2017-04-14 11:05:43,623 [Worker-26] INFO  o.e.m.c.i.e.AbstractTransferListenerAdapter - Downloaded https://repo.maven.apache.org/maven2/org/codehaus/plexus/plexus-compiler-manager/2.7/plexus-compiler-manager-2.7.jar
2017-04-14 11:05:43,730 [Worker-26] INFO  o.e.m.c.i.e.AbstractTransferListenerAdapter - Downloading https://repo.maven.apache.org/maven2/org/codehaus/plexus/plexus-compiler-javac/2.7/plexus-compiler-javac-2.7.jar
2017-04-14 11:05:43,877 [Worker-26] INFO  o.e.m.c.i.e.AbstractTransferListenerAdapter - Downloaded https://repo.maven.apache.org/maven2/org/codehaus/plexus/plexus-compiler-javac/2.7/plexus-compiler-javac-2.7.jar
2017-04-14 11:05:45,622 [Worker-26] INFO  o.e.m.c.i.l.LifecycleMappingFactory - Using org.maven.ide.eclipse.wtp.WarLifecycleMapping lifecycle mapping for MavenProject: WS-Simple:WS-Simple:0.0.1-SNAPSHOT @ C:\Users\bmakjsimov\workspace_neon\WS-Simple\pom.xml.
2017-04-14 11:05:46,113 [Worker-26] INFO  o.e.m.c.i.e.AbstractTransferListenerAdapter - Downloading https://repo.maven.apache.org/maven2/org/apache/maven/plugins/maven-war-plugin/3.0.0/maven-war-plugin-3.0.0.pom
2017-04-14 11:05:46,268 [Worker-26] INFO  o.e.m.c.i.e.AbstractTransferListenerAdapter - Downloaded https://repo.maven.apache.org/maven2/org/apache/maven/plugins/maven-war-plugin/3.0.0/maven-war-plugin-3.0.0.pom
2017-04-14 11:05:46,386 [Worker-26] INFO  o.e.m.c.i.e.AbstractTransferListenerAdapter - Downloading https://repo.maven.apache.org/maven2/org/apache/maven/plugins/maven-plugins/30/maven-plugins-30.pom
2017-04-14 11:05:46,521 [Worker-26] INFO  o.e.m.c.i.e.AbstractTransferListenerAdapter - Downloaded https://repo.maven.apache.org/maven2/org/apache/maven/plugins/maven-plugins/30/maven-plugins-30.pom
2017-04-14 11:05:46,635 [Worker-26] INFO  o.e.m.c.i.e.AbstractTransferListenerAdapter - Downloading https://repo.maven.apache.org/maven2/org/apache/maven/maven-parent/30/maven-parent-30.pom
2017-04-14 11:05:46,905 [Worker-26] INFO  o.e.m.c.i.e.AbstractTransferListenerAdapter - Downloaded https://repo.maven.apache.org/maven2/org/apache/maven/maven-parent/30/maven-parent-30.pom
2017-04-14 11:05:47,037 [Worker-26] INFO  o.e.m.c.i.e.AbstractTransferListenerAdapter - Downloading https://repo.maven.apache.org/maven2/org/apache/apache/18/apache-18.pom
2017-04-14 11:05:47,174 [Worker-26] INFO  o.e.m.c.i.e.AbstractTransferListenerAdapter - Downloaded https://repo.maven.apache.org/maven2/org/apache/apache/18/apache-18.pom
2017-04-14 11:05:48,022 [Worker-26] INFO  o.e.m.c.i.e.AbstractTransferListenerAdapter - Downloading https://repo.maven.apache.org/maven2/org/codehaus/plexus/plexus-component-annotations/1.6/plexus-component-annotations-1.6.pom
2017-04-14 11:05:48,161 [Worker-26] INFO  o.e.m.c.i.e.AbstractTransferListenerAdapter - Downloaded https://repo.maven.apache.org/maven2/org/codehaus/plexus/plexus-component-annotations/1.6/plexus-component-annotations-1.6.pom
2017-04-14 11:05:48,277 [Worker-26] INFO  o.e.m.c.i.e.AbstractTransferListenerAdapter - Downloading https://repo.maven.apache.org/maven2/org/codehaus/plexus/plexus-containers/1.6/plexus-containers-1.6.pom
2017-04-14 11:05:48,418 [Worker-26] INFO  o.e.m.c.i.e.AbstractTransferListenerAdapter - Downloaded https://repo.maven.apache.org/maven2/org/codehaus/plexus/plexus-containers/1.6/plexus-containers-1.6.pom
2017-04-14 11:05:48,534 [Worker-26] INFO  o.e.m.c.i.e.AbstractTransferListenerAdapter - Downloading https://repo.maven.apache.org/maven2/org/codehaus/plexus/plexus/3.3.2/plexus-3.3.2.pom
2017-04-14 11:05:48,778 [Worker-26] INFO  o.e.m.c.i.e.AbstractTransferListenerAdapter - Downloaded https://repo.maven.apache.org/maven2/org/codehaus/plexus/plexus/3.3.2/plexus-3.3.2.pom
2017-04-14 11:05:49,026 [Worker-26] INFO  o.e.m.c.i.e.AbstractTransferListenerAdapter - Downloading https://repo.maven.apache.org/maven2/org/apache/maven/maven-archiver/3.1.1/maven-archiver-3.1.1.pom
2017-04-14 11:05:49,169 [Worker-26] INFO  o.e.m.c.i.e.AbstractTransferListenerAdapter - Downloaded https://repo.maven.apache.org/maven2/org/apache/maven/maven-archiver/3.1.1/maven-archiver-3.1.1.pom
2017-04-14 11:05:49,289 [Worker-26] INFO  o.e.m.c.i.e.AbstractTransferListenerAdapter - Downloading https://repo.maven.apache.org/maven2/org/apache/maven/shared/maven-shared-components/30/maven-shared-components-30.pom
2017-04-14 11:05:49,411 [Worker-26] INFO  o.e.m.c.i.e.AbstractTransferListenerAdapter - Downloaded https://repo.maven.apache.org/maven2/org/apache/maven/shared/maven-shared-components/30/maven-shared-components-30.pom
2017-04-14 11:05:49,527 [Worker-26] INFO  o.e.m.c.i.e.AbstractTransferListenerAdapter - Downloading https://repo.maven.apache.org/maven2/org/apache/maven/shared/maven-shared-utils/3.0.1/maven-shared-utils-3.0.1.pom
2017-04-14 11:05:49,663 [Worker-26] INFO  o.e.m.c.i.e.AbstractTransferListenerAdapter - Downloaded https://repo.maven.apache.org/maven2/org/apache/maven/shared/maven-shared-utils/3.0.1/maven-shared-utils-3.0.1.pom
2017-04-14 11:05:49,799 [Worker-26] INFO  o.e.m.c.i.e.AbstractTransferListenerAdapter - Downloading https://repo.maven.apache.org/maven2/commons-io/commons-io/2.5/commons-io-2.5.pom
2017-04-14 11:05:49,970 [Worker-26] INFO  o.e.m.c.i.e.AbstractTransferListenerAdapter - Downloaded https://repo.maven.apache.org/maven2/commons-io/commons-io/2.5/commons-io-2.5.pom
2017-04-14 11:05:50,156 [Worker-26] INFO  o.e.m.c.i.e.AbstractTransferListenerAdapter - Downloading https://repo.maven.apache.org/maven2/org/codehaus/plexus/plexus-archiver/3.3/plexus-archiver-3.3.pom
2017-04-14 11:05:50,288 [Worker-26] INFO  o.e.m.c.i.e.AbstractTransferListenerAdapter - Downloaded https://repo.maven.apache.org/maven2/org/codehaus/plexus/plexus-archiver/3.3/plexus-archiver-3.3.pom
2017-04-14 11:05:50,418 [Worker-26] INFO  o.e.m.c.i.e.AbstractTransferListenerAdapter - Downloading https://repo.maven.apache.org/maven2/org/codehaus/plexus/plexus-utils/3.0.24/plexus-utils-3.0.24.pom
2017-04-14 11:05:50,574 [Worker-26] INFO  o.e.m.c.i.e.AbstractTransferListenerAdapter - Downloaded https://repo.maven.apache.org/maven2/org/codehaus/plexus/plexus-utils/3.0.24/plexus-utils-3.0.24.pom
2017-04-14 11:05:50,710 [Worker-26] INFO  o.e.m.c.i.e.AbstractTransferListenerAdapter - Downloading https://repo.maven.apache.org/maven2/org/codehaus/plexus/plexus-io/2.7.1/plexus-io-2.7.1.pom
2017-04-14 11:05:50,880 [Worker-26] INFO  o.e.m.c.i.e.AbstractTransferListenerAdapter - Downloaded https://repo.maven.apache.org/maven2/org/codehaus/plexus/plexus-io/2.7.1/plexus-io-2.7.1.pom
2017-04-14 11:05:51,018 [Worker-26] INFO  o.e.m.c.i.e.AbstractTransferListenerAdapter - Downloading https://repo.maven.apache.org/maven2/commons-io/commons-io/2.2/commons-io-2.2.pom
2017-04-14 11:05:51,171 [Worker-26] INFO  o.e.m.c.i.e.AbstractTransferListenerAdapter - Downloaded https://repo.maven.apache.org/maven2/commons-io/commons-io/2.2/commons-io-2.2.pom
2017-04-14 11:05:51,289 [Worker-26] INFO  o.e.m.c.i.e.AbstractTransferListenerAdapter - Downloading https://repo.maven.apache.org/maven2/org/apache/commons/commons-parent/24/commons-parent-24.pom
2017-04-14 11:05:51,566 [Worker-26] INFO  o.e.m.c.i.e.AbstractTransferListenerAdapter - Downloaded https://repo.maven.apache.org/maven2/org/apache/commons/commons-parent/24/commons-parent-24.pom
2017-04-14 11:05:51,705 [Worker-26] INFO  o.e.m.c.i.e.AbstractTransferListenerAdapter - Downloading https://repo.maven.apache.org/maven2/org/apache/commons/commons-compress/1.11/commons-compress-1.11.pom
2017-04-14 11:05:51,864 [Worker-26] INFO  o.e.m.c.i.e.AbstractTransferListenerAdapter - Downloaded https://repo.maven.apache.org/maven2/org/apache/commons/commons-compress/1.11/commons-compress-1.11.pom
2017-04-14 11:05:52,014 [Worker-26] INFO  o.e.m.c.i.e.AbstractTransferListenerAdapter - Downloading https://repo.maven.apache.org/maven2/org/iq80/snappy/snappy/0.4/snappy-0.4.pom
2017-04-14 11:05:52,169 [Worker-26] INFO  o.e.m.c.i.e.AbstractTransferListenerAdapter - Downloaded https://repo.maven.apache.org/maven2/org/iq80/snappy/snappy/0.4/snappy-0.4.pom
2017-04-14 11:05:52,294 [Worker-26] INFO  o.e.m.c.i.e.AbstractTransferListenerAdapter - Downloading https://repo.maven.apache.org/maven2/org/tukaani/xz/1.5/xz-1.5.pom
2017-04-14 11:05:52,450 [Worker-26] INFO  o.e.m.c.i.e.AbstractTransferListenerAdapter - Downloaded https://repo.maven.apache.org/maven2/org/tukaani/xz/1.5/xz-1.5.pom
2017-04-14 11:05:52,581 [Worker-26] INFO  o.e.m.c.i.e.AbstractTransferListenerAdapter - Downloading https://repo.maven.apache.org/maven2/org/codehaus/plexus/plexus-interpolation/1.22/plexus-interpolation-1.22.pom
2017-04-14 11:05:52,753 [Worker-26] INFO  o.e.m.c.i.e.AbstractTransferListenerAdapter - Downloaded https://repo.maven.apache.org/maven2/org/codehaus/plexus/plexus-interpolation/1.22/plexus-interpolation-1.22.pom
2017-04-14 11:05:52,922 [Worker-26] INFO  o.e.m.c.i.e.AbstractTransferListenerAdapter - Downloading https://repo.maven.apache.org/maven2/org/codehaus/plexus/plexus-archiver/3.4/plexus-archiver-3.4.pom
2017-04-14 11:05:53,076 [Worker-26] INFO  o.e.m.c.i.e.AbstractTransferListenerAdapter - Downloaded https://repo.maven.apache.org/maven2/org/codehaus/plexus/plexus-archiver/3.4/plexus-archiver-3.4.pom
2017-04-14 11:05:53,198 [Worker-26] INFO  o.e.m.c.i.e.AbstractTransferListenerAdapter - Downloading https://repo.maven.apache.org/maven2/com/thoughtworks/xstream/xstream/1.4.9/xstream-1.4.9.pom
2017-04-14 11:05:53,362 [Worker-26] INFO  o.e.m.c.i.e.AbstractTransferListenerAdapter - Downloaded https://repo.maven.apache.org/maven2/com/thoughtworks/xstream/xstream/1.4.9/xstream-1.4.9.pom
2017-04-14 11:05:53,493 [Worker-26] INFO  o.e.m.c.i.e.AbstractTransferListenerAdapter - Downloading https://repo.maven.apache.org/maven2/com/thoughtworks/xstream/xstream-parent/1.4.9/xstream-parent-1.4.9.pom
2017-04-14 11:05:53,659 [Worker-26] INFO  o.e.m.c.i.e.AbstractTransferListenerAdapter - Downloaded https://repo.maven.apache.org/maven2/com/thoughtworks/xstream/xstream-parent/1.4.9/xstream-parent-1.4.9.pom
2017-04-14 11:05:53,785 [Worker-26] INFO  o.e.m.c.i.e.AbstractTransferListenerAdapter - Downloading https://repo.maven.apache.org/maven2/xmlpull/xmlpull/1.1.3.1/xmlpull-1.1.3.1.pom
2017-04-14 11:05:53,931 [Worker-26] INFO  o.e.m.c.i.e.AbstractTransferListenerAdapter - Downloaded https://repo.maven.apache.org/maven2/xmlpull/xmlpull/1.1.3.1/xmlpull-1.1.3.1.pom
2017-04-14 11:05:54,056 [Worker-26] INFO  o.e.m.c.i.e.AbstractTransferListenerAdapter - Downloading https://repo.maven.apache.org/maven2/xpp3/xpp3_min/1.1.4c/xpp3_min-1.1.4c.pom
2017-04-14 11:05:54,200 [Worker-26] INFO  o.e.m.c.i.e.AbstractTransferListenerAdapter - Downloaded https://repo.maven.apache.org/maven2/xpp3/xpp3_min/1.1.4c/xpp3_min-1.1.4c.pom
2017-04-14 11:05:54,319 [Worker-26] INFO  o.e.m.c.i.e.AbstractTransferListenerAdapter - Downloading https://repo.maven.apache.org/maven2/org/apache/maven/shared/maven-filtering/3.1.1/maven-filtering-3.1.1.pom
2017-04-14 11:05:54,470 [Worker-26] INFO  o.e.m.c.i.e.AbstractTransferListenerAdapter - Downloaded https://repo.maven.apache.org/maven2/org/apache/maven/shared/maven-filtering/3.1.1/maven-filtering-3.1.1.pom
2017-04-14 11:05:54,621 [Worker-26] INFO  o.e.m.c.i.e.AbstractTransferListenerAdapter - Downloading https://repo.maven.apache.org/maven2/org/sonatype/plexus/plexus-build-api/0.0.7/plexus-build-api-0.0.7.pom
2017-04-14 11:05:54,753 [Worker-26] INFO  o.e.m.c.i.e.AbstractTransferListenerAdapter - Downloaded https://repo.maven.apache.org/maven2/org/sonatype/plexus/plexus-build-api/0.0.7/plexus-build-api-0.0.7.pom
2017-04-14 11:05:54,872 [Worker-26] INFO  o.e.m.c.i.e.AbstractTransferListenerAdapter - Downloading https://repo.maven.apache.org/maven2/org/sonatype/spice/spice-parent/15/spice-parent-15.pom
2017-04-14 11:05:55,032 [Worker-26] INFO  o.e.m.c.i.e.AbstractTransferListenerAdapter - Downloaded https://repo.maven.apache.org/maven2/org/sonatype/spice/spice-parent/15/spice-parent-15.pom
2017-04-14 11:05:55,196 [Worker-26] INFO  o.e.m.c.i.e.AbstractTransferListenerAdapter - Downloading https://repo.maven.apache.org/maven2/org/apache/maven/shared/maven-mapping/3.0.0/maven-mapping-3.0.0.pom
2017-04-14 11:05:55,341 [Worker-26] INFO  o.e.m.c.i.e.AbstractTransferListenerAdapter - Downloaded https://repo.maven.apache.org/maven2/org/apache/maven/shared/maven-mapping/3.0.0/maven-mapping-3.0.0.pom
2017-04-14 11:05:55,454 [Worker-26] INFO  o.e.m.c.i.e.AbstractTransferListenerAdapter - Downloading https://repo.maven.apache.org/maven2/org/apache/maven/shared/maven-shared-components/22/maven-shared-components-22.pom
2017-04-14 11:05:55,576 [Worker-26] INFO  o.e.m.c.i.e.AbstractTransferListenerAdapter - Downloaded https://repo.maven.apache.org/maven2/org/apache/maven/shared/maven-shared-components/22/maven-shared-components-22.pom
2017-04-14 11:05:55,695 [Worker-26] INFO  o.e.m.c.i.e.AbstractTransferListenerAdapter - Downloading https://repo.maven.apache.org/maven2/org/codehaus/plexus/plexus-interpolation/1.21/plexus-interpolation-1.21.pom
2017-04-14 11:05:55,822 [Worker-26] INFO  o.e.m.c.i.e.AbstractTransferListenerAdapter - Downloaded https://repo.maven.apache.org/maven2/org/codehaus/plexus/plexus-interpolation/1.21/plexus-interpolation-1.21.pom
2017-04-14 11:05:55,979 [Worker-26] INFO  o.e.m.c.i.e.AbstractTransferListenerAdapter - Downloading https://repo.maven.apache.org/maven2/org/codehaus/plexus/plexus-component-annotations/1.6/plexus-component-annotations-1.6.jar
2017-04-14 11:05:56,108 [Worker-26] INFO  o.e.m.c.i.e.AbstractTransferListenerAdapter - Downloaded https://repo.maven.apache.org/maven2/org/codehaus/plexus/plexus-component-annotations/1.6/plexus-component-annotations-1.6.jar
2017-04-14 11:05:56,217 [Worker-26] INFO  o.e.m.c.i.e.AbstractTransferListenerAdapter - Downloading https://repo.maven.apache.org/maven2/org/apache/maven/maven-archiver/3.1.1/maven-archiver-3.1.1.jar
2017-04-14 11:05:56,378 [Worker-26] INFO  o.e.m.c.i.e.AbstractTransferListenerAdapter - Downloaded https://repo.maven.apache.org/maven2/org/apache/maven/maven-archiver/3.1.1/maven-archiver-3.1.1.jar
2017-04-14 11:05:56,488 [Worker-26] INFO  o.e.m.c.i.e.AbstractTransferListenerAdapter - Downloading https://repo.maven.apache.org/maven2/org/apache/maven/shared/maven-shared-utils/3.0.1/maven-shared-utils-3.0.1.jar
2017-04-14 11:05:56,870 [Worker-26] INFO  o.e.m.c.i.e.AbstractTransferListenerAdapter - Downloaded https://repo.maven.apache.org/maven2/org/apache/maven/shared/maven-shared-utils/3.0.1/maven-shared-utils-3.0.1.jar
2017-04-14 11:05:56,991 [Worker-26] INFO  o.e.m.c.i.e.AbstractTransferListenerAdapter - Downloading https://repo.maven.apache.org/maven2/commons-io/commons-io/2.5/commons-io-2.5.jar
2017-04-14 11:05:57,277 [Worker-26] INFO  o.e.m.c.i.e.AbstractTransferListenerAdapter - Downloaded https://repo.maven.apache.org/maven2/commons-io/commons-io/2.5/commons-io-2.5.jar
2017-04-14 11:05:57,400 [Worker-26] INFO  o.e.m.c.i.e.AbstractTransferListenerAdapter - Downloading https://repo.maven.apache.org/maven2/org/codehaus/plexus/plexus-archiver/3.4/plexus-archiver-3.4.jar
2017-04-14 11:05:57,610 [Worker-26] INFO  o.e.m.c.i.e.AbstractTransferListenerAdapter - Downloaded https://repo.maven.apache.org/maven2/org/codehaus/plexus/plexus-archiver/3.4/plexus-archiver-3.4.jar
2017-04-14 11:05:57,724 [Worker-26] INFO  o.e.m.c.i.e.AbstractTransferListenerAdapter - Downloading https://repo.maven.apache.org/maven2/org/codehaus/plexus/plexus-io/2.7.1/plexus-io-2.7.1.jar
2017-04-14 11:05:57,889 [Worker-26] INFO  o.e.m.c.i.e.AbstractTransferListenerAdapter - Downloaded https://repo.maven.apache.org/maven2/org/codehaus/plexus/plexus-io/2.7.1/plexus-io-2.7.1.jar
2017-04-14 11:05:58,000 [Worker-26] INFO  o.e.m.c.i.e.AbstractTransferListenerAdapter - Downloading https://repo.maven.apache.org/maven2/org/apache/commons/commons-compress/1.11/commons-compress-1.11.jar
2017-04-14 11:05:58,270 [Worker-26] INFO  o.e.m.c.i.e.AbstractTransferListenerAdapter - Downloaded https://repo.maven.apache.org/maven2/org/apache/commons/commons-compress/1.11/commons-compress-1.11.jar
2017-04-14 11:05:58,387 [Worker-26] INFO  o.e.m.c.i.e.AbstractTransferListenerAdapter - Downloading https://repo.maven.apache.org/maven2/org/iq80/snappy/snappy/0.4/snappy-0.4.jar
2017-04-14 11:05:58,537 [Worker-26] INFO  o.e.m.c.i.e.AbstractTransferListenerAdapter - Downloaded https://repo.maven.apache.org/maven2/org/iq80/snappy/snappy/0.4/snappy-0.4.jar
2017-04-14 11:05:58,649 [Worker-26] INFO  o.e.m.c.i.e.AbstractTransferListenerAdapter - Downloading https://repo.maven.apache.org/maven2/org/tukaani/xz/1.5/xz-1.5.jar
2017-04-14 11:05:58,802 [Worker-26] INFO  o.e.m.c.i.e.AbstractTransferListenerAdapter - Downloaded https://repo.maven.apache.org/maven2/org/tukaani/xz/1.5/xz-1.5.jar
2017-04-14 11:05:58,911 [Worker-26] INFO  o.e.m.c.i.e.AbstractTransferListenerAdapter - Downloading https://repo.maven.apache.org/maven2/org/codehaus/plexus/plexus-interpolation/1.22/plexus-interpolation-1.22.jar
2017-04-14 11:05:59,047 [Worker-26] INFO  o.e.m.c.i.e.AbstractTransferListenerAdapter - Downloaded https://repo.maven.apache.org/maven2/org/codehaus/plexus/plexus-interpolation/1.22/plexus-interpolation-1.22.jar
2017-04-14 11:05:59,159 [Worker-26] INFO  o.e.m.c.i.e.AbstractTransferListenerAdapter - Downloading https://repo.maven.apache.org/maven2/com/thoughtworks/xstream/xstream/1.4.9/xstream-1.4.9.jar
2017-04-14 11:05:59,455 [Worker-26] INFO  o.e.m.c.i.e.AbstractTransferListenerAdapter - Downloaded https://repo.maven.apache.org/maven2/com/thoughtworks/xstream/xstream/1.4.9/xstream-1.4.9.jar
2017-04-14 11:05:59,564 [Worker-26] INFO  o.e.m.c.i.e.AbstractTransferListenerAdapter - Downloading https://repo.maven.apache.org/maven2/xmlpull/xmlpull/1.1.3.1/xmlpull-1.1.3.1.jar
2017-04-14 11:05:59,694 [Worker-26] INFO  o.e.m.c.i.e.AbstractTransferListenerAdapter - Downloaded https://repo.maven.apache.org/maven2/xmlpull/xmlpull/1.1.3.1/xmlpull-1.1.3.1.jar
2017-04-14 11:05:59,802 [Worker-26] INFO  o.e.m.c.i.e.AbstractTransferListenerAdapter - Downloading https://repo.maven.apache.org/maven2/xpp3/xpp3_min/1.1.4c/xpp3_min-1.1.4c.jar
2017-04-14 11:05:59,954 [Worker-26] INFO  o.e.m.c.i.e.AbstractTransferListenerAdapter - Downloaded https://repo.maven.apache.org/maven2/xpp3/xpp3_min/1.1.4c/xpp3_min-1.1.4c.jar
2017-04-14 11:06:00,064 [Worker-26] INFO  o.e.m.c.i.e.AbstractTransferListenerAdapter - Downloading https://repo.maven.apache.org/maven2/org/codehaus/plexus/plexus-utils/3.0.24/plexus-utils-3.0.24.jar
2017-04-14 11:06:00,262 [Worker-26] INFO  o.e.m.c.i.e.AbstractTransferListenerAdapter - Downloaded https://repo.maven.apache.org/maven2/org/codehaus/plexus/plexus-utils/3.0.24/plexus-utils-3.0.24.jar
2017-04-14 11:06:00,374 [Worker-26] INFO  o.e.m.c.i.e.AbstractTransferListenerAdapter - Downloading https://repo.maven.apache.org/maven2/org/apache/maven/shared/maven-filtering/3.1.1/maven-filtering-3.1.1.jar
2017-04-14 11:06:00,532 [Worker-26] INFO  o.e.m.c.i.e.AbstractTransferListenerAdapter - Downloaded https://repo.maven.apache.org/maven2/org/apache/maven/shared/maven-filtering/3.1.1/maven-filtering-3.1.1.jar
2017-04-14 11:06:00,650 [Worker-26] INFO  o.e.m.c.i.e.AbstractTransferListenerAdapter - Downloading https://repo.maven.apache.org/maven2/org/sonatype/plexus/plexus-build-api/0.0.7/plexus-build-api-0.0.7.jar
2017-04-14 11:06:00,796 [Worker-26] INFO  o.e.m.c.i.e.AbstractTransferListenerAdapter - Downloaded https://repo.maven.apache.org/maven2/org/sonatype/plexus/plexus-build-api/0.0.7/plexus-build-api-0.0.7.jar
2017-04-14 11:06:00,914 [Worker-26] INFO  o.e.m.c.i.e.AbstractTransferListenerAdapter - Downloading https://repo.maven.apache.org/maven2/org/apache/maven/shared/maven-mapping/3.0.0/maven-mapping-3.0.0.jar
2017-04-14 11:06:01,052 [Worker-26] INFO  o.e.m.c.i.e.AbstractTransferListenerAdapter - Downloaded https://repo.maven.apache.org/maven2/org/apache/maven/shared/maven-mapping/3.0.0/maven-mapping-3.0.0.jar
2017-04-14 11:06:03,909 [Worker-28] WARN  o.e.m.c.i.embedder.EclipseLogger - Using platform encoding (Cp1252 actually) to copy filtered resources, i.e. build is platform dependent!
2017-04-14 11:06:03,918 [Worker-28] INFO  o.e.m.c.i.embedder.EclipseLogger - skip non existing resourceDirectory C:\Users\bmakjsimov\workspace_neon\WS-Simple\src\main\resources
2017-04-14 11:06:03,921 [Worker-28] WARN  o.e.m.c.i.embedder.EclipseLogger - Using platform encoding (Cp1252 actually) to copy filtered resources, i.e. build is platform dependent!
2017-04-14 11:06:03,923 [Worker-28] INFO  o.e.m.c.i.embedder.EclipseLogger - skip non existing resourceDirectory C:\Users\bmakjsimov\workspace_neon\WS-Simple\src\test\resources
2017-04-14 11:06:03,967 [Worker-26] INFO  o.e.m.j.i.AbstractJavaProjectConfigurator - Adding source folder /WS-Simple/src
2017-04-14 11:06:03,968 [Worker-26] INFO  o.e.m.j.i.AbstractJavaProjectConfigurator - Not adding source folder /WS-Simple/src/test/java because it overlaps with /WS-Simple/src
2017-04-14 11:06:04,583 [Worker-26] INFO  o.e.m.c.i.p.ProjectConfigurationManager - Update started
2017-04-14 11:06:05,297 [Worker-26] INFO  o.e.m.c.i.l.LifecycleMappingFactory - Using org.maven.ide.eclipse.wtp.WarLifecycleMapping lifecycle mapping for MavenProject: WS-Simple:WS-Simple:0.0.1-SNAPSHOT @ C:\Users\bmakjsimov\workspace_neon\WS-Simple\pom.xml.
2017-04-14 11:06:06,636 [Worker-23] WARN  o.e.m.c.i.embedder.EclipseLogger - Using platform encoding (Cp1252 actually) to copy filtered resources, i.e. build is platform dependent!
2017-04-14 11:06:06,638 [Worker-23] INFO  o.e.m.c.i.embedder.EclipseLogger - skip non existing resourceDirectory C:\Users\bmakjsimov\workspace_neon\WS-Simple\src\main\resources
2017-04-14 11:06:06,641 [Worker-23] WARN  o.e.m.c.i.embedder.EclipseLogger - Using platform encoding (Cp1252 actually) to copy filtered resources, i.e. build is platform dependent!
2017-04-14 11:06:06,642 [Worker-23] INFO  o.e.m.c.i.embedder.EclipseLogger - skip non existing resourceDirectory C:\Users\bmakjsimov\workspace_neon\WS-Simple\src\test\resources
2017-04-14 11:06:06,643 [Worker-23] INFO  o.e.m.w.i.f.ResourceFilteringBuildParticipant - Changed resources require a complete clean of filtered resources of WS-Simple
2017-04-14 11:06:06,644 [Worker-23] INFO  o.e.m.w.i.f.ResourceFilteringBuildParticipant - Executing resource filtering for WS-Simple
2017-04-14 11:06:06,689 [Worker-23] WARN  o.e.m.c.i.embedder.EclipseLogger - Using platform encoding (Cp1252 actually) to copy filtered resources, i.e. build is platform dependent!
2017-04-14 11:06:06,718 [Worker-26] INFO  o.e.m.j.i.AbstractJavaProjectConfigurator - Adding source folder /WS-Simple/src
2017-04-14 11:06:06,719 [Worker-26] INFO  o.e.m.j.i.AbstractJavaProjectConfigurator - Not adding source folder /WS-Simple/src/test/java because it overlaps with /WS-Simple/src
2017-04-14 11:06:06,976 [Worker-26] INFO  o.e.m.w.i.f.ResourceFilteringBuildParticipant - Cleaning filtered folder for WS-Simple
2017-04-14 11:06:06,997 [Worker-26] INFO  o.e.m.c.i.p.ProjectConfigurationManager - Update completed: 2 sec
2017-04-14 11:06:07,765 [Worker-29] WARN  o.e.m.c.i.embedder.EclipseLogger - Using platform encoding (Cp1252 actually) to copy filtered resources, i.e. build is platform dependent!
2017-04-14 11:06:07,804 [Worker-29] INFO  o.e.m.c.i.embedder.EclipseLogger - skip non existing resourceDirectory C:\Users\bmakjsimov\workspace_neon\WS-Simple\src\main\resources
2017-04-14 11:06:07,807 [Worker-29] WARN  o.e.m.c.i.embedder.EclipseLogger - Using platform encoding (Cp1252 actually) to copy filtered resources, i.e. build is platform dependent!
2017-04-14 11:06:07,808 [Worker-29] INFO  o.e.m.c.i.embedder.EclipseLogger - skip non existing resourceDirectory C:\Users\bmakjsimov\workspace_neon\WS-Simple\src\test\resources
2017-04-14 11:06:07,826 [Worker-29] INFO  o.e.m.w.i.f.ResourceFilteringBuildParticipant - Changed resources require a complete clean of filtered resources of WS-Simple
2017-04-14 11:06:07,827 [Worker-29] INFO  o.e.m.w.i.f.ResourceFilteringBuildParticipant - Executing resource filtering for WS-Simple
2017-04-14 11:06:07,834 [Worker-29] WARN  o.e.m.c.i.embedder.EclipseLogger - Using platform encoding (Cp1252 actually) to copy filtered resources, i.e. build is platform dependent!
2017-04-14 11:08:31,886 [Worker-28] INFO  o.e.m.i.launch.MavenLaunchDelegate - C:\Users\bmakjsimov\workspace_neon\WS-Simple
2017-04-14 11:08:31,887 [Worker-28] INFO  o.e.m.i.launch.MavenLaunchDelegate -  mvn -B install
2017-04-14 11:08:43,509 [Worker-19] INFO  o.e.m.c.i.l.LifecycleMappingFactory - Using org.maven.ide.eclipse.wtp.WarLifecycleMapping lifecycle mapping for MavenProject: WS-Simple:WS-Simple:0.0.1-SNAPSHOT @ C:\Users\bmakjsimov\workspace_neon\WS-Simple\pom.xml.
2017-04-14 11:08:44,504 [Worker-19] WARN  o.e.m.c.i.embedder.EclipseLogger - Using platform encoding (Cp1252 actually) to copy filtered resources, i.e. build is platform dependent!
2017-04-14 11:08:44,507 [Worker-19] INFO  o.e.m.c.i.embedder.EclipseLogger - skip non existing resourceDirectory C:\Users\bmakjsimov\workspace_neon\WS-Simple\src\main\resources
2017-04-14 11:08:44,512 [Worker-19] WARN  o.e.m.c.i.embedder.EclipseLogger - Using platform encoding (Cp1252 actually) to copy filtered resources, i.e. build is platform dependent!
2017-04-14 11:08:44,513 [Worker-19] INFO  o.e.m.c.i.embedder.EclipseLogger - skip non existing resourceDirectory C:\Users\bmakjsimov\workspace_neon\WS-Simple\src\test\resources
2017-04-14 11:08:44,513 [Worker-19] INFO  o.e.m.w.i.f.ResourceFilteringBuildParticipant - Changed resources require a complete clean of filtered resources of WS-Simple
2017-04-14 11:08:44,513 [Worker-19] INFO  o.e.m.w.i.f.ResourceFilteringBuildParticipant - Executing resource filtering for WS-Simple
2017-04-14 11:08:44,520 [Worker-19] WARN  o.e.m.c.i.embedder.EclipseLogger - Using platform encoding (Cp1252 actually) to copy filtered resources, i.e. build is platform dependent!
2017-04-14 11:09:01,504 [Worker-34] INFO  o.e.m.c.i.p.ProjectConfigurationManager - Update started
2017-04-14 11:09:02,052 [Worker-34] INFO  o.e.m.c.i.l.LifecycleMappingFactory - Using org.maven.ide.eclipse.wtp.WarLifecycleMapping lifecycle mapping for MavenProject: WS-Simple:WS-Simple:0.0.1-SNAPSHOT @ C:\Users\bmakjsimov\workspace_neon\WS-Simple\pom.xml.
2017-04-14 11:09:02,855 [Worker-34] INFO  o.e.m.j.i.AbstractJavaProjectConfigurator - Adding source folder /WS-Simple/src
2017-04-14 11:09:02,855 [Worker-34] INFO  o.e.m.j.i.AbstractJavaProjectConfigurator - Not adding source folder /WS-Simple/src/test/java because it overlaps with /WS-Simple/src
2017-04-14 11:09:03,192 [Worker-34] INFO  o.e.m.w.i.f.ResourceFilteringBuildParticipant - Cleaning filtered folder for WS-Simple
2017-04-14 11:09:03,201 [Worker-34] INFO  o.e.m.c.i.p.ProjectConfigurationManager - Update completed: 1 sec
2017-04-14 11:09:03,375 [Worker-34] WARN  o.e.m.c.i.embedder.EclipseLogger - Using platform encoding (Cp1252 actually) to copy filtered resources, i.e. build is platform dependent!
2017-04-14 11:09:03,376 [Worker-34] INFO  o.e.m.c.i.embedder.EclipseLogger - skip non existing resourceDirectory C:\Users\bmakjsimov\workspace_neon\WS-Simple\src\main\resources
2017-04-14 11:09:03,379 [Worker-34] WARN  o.e.m.c.i.embedder.EclipseLogger - Using platform encoding (Cp1252 actually) to copy filtered resources, i.e. build is platform dependent!
2017-04-14 11:09:03,380 [Worker-34] INFO  o.e.m.c.i.embedder.EclipseLogger - skip non existing resourceDirectory C:\Users\bmakjsimov\workspace_neon\WS-Simple\src\test\resources
2017-04-14 11:09:03,380 [Worker-34] INFO  o.e.m.w.i.f.ResourceFilteringBuildParticipant - Changed resources require a complete clean of filtered resources of WS-Simple
2017-04-14 11:09:03,380 [Worker-34] INFO  o.e.m.w.i.f.ResourceFilteringBuildParticipant - Executing resource filtering for WS-Simple
2017-04-14 11:09:03,389 [Worker-34] WARN  o.e.m.c.i.embedder.EclipseLogger - Using platform encoding (Cp1252 actually) to copy filtered resources, i.e. build is platform dependent!
2017-04-14 11:09:56,297 [Worker-25] WARN  o.e.m.c.i.embedder.EclipseLogger - Using platform encoding (Cp1252 actually) to copy filtered resources, i.e. build is platform dependent!
2017-04-14 11:09:56,298 [Worker-25] INFO  o.e.m.c.i.embedder.EclipseLogger - skip non existing resourceDirectory C:\Users\bmakjsimov\workspace_neon\WS-Simple\src\main\resources
2017-04-14 11:09:56,300 [Worker-25] WARN  o.e.m.c.i.embedder.EclipseLogger - Using platform encoding (Cp1252 actually) to copy filtered resources, i.e. build is platform dependent!
2017-04-14 11:09:56,302 [Worker-25] INFO  o.e.m.c.i.embedder.EclipseLogger - skip non existing resourceDirectory C:\Users\bmakjsimov\workspace_neon\WS-Simple\src\test\resources
2017-04-14 11:10:35,673 [Worker-33] WARN  o.e.m.c.i.embedder.EclipseLogger - Using platform encoding (Cp1252 actually) to copy filtered resources, i.e. build is platform dependent!
2017-04-14 11:10:35,674 [Worker-33] INFO  o.e.m.c.i.embedder.EclipseLogger - skip non existing resourceDirectory C:\Users\bmakjsimov\workspace_neon\WS-Simple\src\main\resources
2017-04-14 11:10:35,675 [Worker-33] WARN  o.e.m.c.i.embedder.EclipseLogger - Using platform encoding (Cp1252 actually) to copy filtered resources, i.e. build is platform dependent!
2017-04-14 11:10:35,676 [Worker-33] INFO  o.e.m.c.i.embedder.EclipseLogger - skip non existing resourceDirectory C:\Users\bmakjsimov\workspace_neon\WS-Simple\src\test\resources
2017-04-14 11:58:45,324 [Worker-50] WARN  o.e.m.c.i.embedder.EclipseLogger - Using platform encoding (Cp1252 actually) to copy filtered resources, i.e. build is platform dependent!
2017-04-14 11:58:45,326 [Worker-50] INFO  o.e.m.c.i.embedder.EclipseLogger - skip non existing resourceDirectory C:\Users\bmakjsimov\workspace_neon\WS-Simple\src\main\resources
2017-04-14 11:58:45,328 [Worker-50] WARN  o.e.m.c.i.embedder.EclipseLogger - Using platform encoding (Cp1252 actually) to copy filtered resources, i.e. build is platform dependent!
2017-04-14 11:58:45,330 [Worker-50] INFO  o.e.m.c.i.embedder.EclipseLogger - skip non existing resourceDirectory C:\Users\bmakjsimov\workspace_neon\WS-Simple\src\test\resources
2017-04-14 12:00:34,843 [Worker-51] WARN  o.e.m.c.i.embedder.EclipseLogger - Using platform encoding (Cp1252 actually) to copy filtered resources, i.e. build is platform dependent!
2017-04-14 12:00:34,845 [Worker-51] INFO  o.e.m.c.i.embedder.EclipseLogger - skip non existing resourceDirectory C:\Users\bmakjsimov\workspace_neon\WS-Simple\src\main\resources
2017-04-14 12:00:34,848 [Worker-51] WARN  o.e.m.c.i.embedder.EclipseLogger - Using platform encoding (Cp1252 actually) to copy filtered resources, i.e. build is platform dependent!
2017-04-14 12:00:34,853 [Worker-51] INFO  o.e.m.c.i.embedder.EclipseLogger - skip non existing resourceDirectory C:\Users\bmakjsimov\workspace_neon\WS-Simple\src\test\resources
2017-04-14 12:08:30,545 [Worker-50] WARN  o.e.m.c.i.embedder.EclipseLogger - Using platform encoding (Cp1252 actually) to copy filtered resources, i.e. build is platform dependent!
2017-04-14 12:08:30,546 [Worker-50] INFO  o.e.m.c.i.embedder.EclipseLogger - skip non existing resourceDirectory C:\Users\bmakjsimov\workspace_neon\WS-Simple\src\main\resources
2017-04-14 12:08:30,551 [Worker-50] WARN  o.e.m.c.i.embedder.EclipseLogger - Using platform encoding (Cp1252 actually) to copy filtered resources, i.e. build is platform dependent!
2017-04-14 12:08:30,553 [Worker-50] INFO  o.e.m.c.i.embedder.EclipseLogger - skip non existing resourceDirectory C:\Users\bmakjsimov\workspace_neon\WS-Simple\src\test\resources
2017-04-14 12:19:11,694 [Worker-55] WARN  o.e.m.c.i.embedder.EclipseLogger - Using platform encoding (Cp1252 actually) to copy filtered resources, i.e. build is platform dependent!
2017-04-14 12:19:11,695 [Worker-55] INFO  o.e.m.c.i.embedder.EclipseLogger - skip non existing resourceDirectory C:\Users\bmakjsimov\workspace_neon\WS-Simple\src\main\resources
2017-04-14 12:19:11,697 [Worker-55] WARN  o.e.m.c.i.embedder.EclipseLogger - Using platform encoding (Cp1252 actually) to copy filtered resources, i.e. build is platform dependent!
2017-04-14 12:19:11,697 [Worker-55] INFO  o.e.m.c.i.embedder.EclipseLogger - skip non existing resourceDirectory C:\Users\bmakjsimov\workspace_neon\WS-Simple\src\test\resources
2017-04-14 12:19:41,999 [Worker-58] WARN  o.e.m.c.i.embedder.EclipseLogger - Using platform encoding (Cp1252 actually) to copy filtered resources, i.e. build is platform dependent!
2017-04-14 12:19:42,000 [Worker-58] INFO  o.e.m.c.i.embedder.EclipseLogger - skip non existing resourceDirectory C:\Users\bmakjsimov\workspace_neon\WS-Simple\src\main\resources
2017-04-14 12:19:42,001 [Worker-58] WARN  o.e.m.c.i.embedder.EclipseLogger - Using platform encoding (Cp1252 actually) to copy filtered resources, i.e. build is platform dependent!
2017-04-14 12:19:42,002 [Worker-58] INFO  o.e.m.c.i.embedder.EclipseLogger - skip non existing resourceDirectory C:\Users\bmakjsimov\workspace_neon\WS-Simple\src\test\resources
2017-04-14 12:25:17,490 [Worker-58] WARN  o.e.m.c.i.embedder.EclipseLogger - Using platform encoding (Cp1252 actually) to copy filtered resources, i.e. build is platform dependent!
2017-04-14 12:25:17,493 [Worker-58] INFO  o.e.m.c.i.embedder.EclipseLogger - skip non existing resourceDirectory C:\Users\bmakjsimov\workspace_neon\WS-Simple\src\main\resources
2017-04-14 12:25:17,496 [Worker-58] WARN  o.e.m.c.i.embedder.EclipseLogger - Using platform encoding (Cp1252 actually) to copy filtered resources, i.e. build is platform dependent!
2017-04-14 12:25:17,498 [Worker-58] INFO  o.e.m.c.i.embedder.EclipseLogger - skip non existing resourceDirectory C:\Users\bmakjsimov\workspace_neon\WS-Simple\src\test\resources
2017-04-14 13:10:47,717 [Worker-72] WARN  o.e.m.c.i.embedder.EclipseLogger - Using platform encoding (Cp1252 actually) to copy filtered resources, i.e. build is platform dependent!
2017-04-14 13:10:47,722 [Worker-72] INFO  o.e.m.c.i.embedder.EclipseLogger - skip non existing resourceDirectory C:\Users\bmakjsimov\workspace_neon\WS-Simple\src\main\resources
2017-04-14 13:10:47,729 [Worker-72] WARN  o.e.m.c.i.embedder.EclipseLogger - Using platform encoding (Cp1252 actually) to copy filtered resources, i.e. build is platform dependent!
2017-04-14 13:10:47,730 [Worker-72] INFO  o.e.m.c.i.embedder.EclipseLogger - skip non existing resourceDirectory C:\Users\bmakjsimov\workspace_neon\WS-Simple\src\test\resources
2017-04-14 13:13:46,556 [Worker-73] WARN  o.e.m.c.i.embedder.EclipseLogger - Using platform encoding (Cp1252 actually) to copy filtered resources, i.e. build is platform dependent!
2017-04-14 13:13:46,558 [Worker-73] INFO  o.e.m.c.i.embedder.EclipseLogger - skip non existing resourceDirectory C:\Users\bmakjsimov\workspace_neon\WS-Simple\src\main\resources
2017-04-14 13:13:46,560 [Worker-73] WARN  o.e.m.c.i.embedder.EclipseLogger - Using platform encoding (Cp1252 actually) to copy filtered resources, i.e. build is platform dependent!
2017-04-14 13:13:46,561 [Worker-73] INFO  o.e.m.c.i.embedder.EclipseLogger - skip non existing resourceDirectory C:\Users\bmakjsimov\workspace_neon\WS-Simple\src\test\resources
2017-04-14 13:14:31,825 [Worker-76] INFO  o.e.m.c.i.l.LifecycleMappingFactory - Using org.maven.ide.eclipse.wtp.WarLifecycleMapping lifecycle mapping for MavenProject: WS-Simple:WS-Simple:0.0.1-SNAPSHOT @ C:\Users\bmakjsimov\workspace_neon\WS-INCHTOCM\pom.xml.
2017-04-14 13:14:32,170 [Worker-76] WARN  o.e.m.c.i.embedder.EclipseLogger - Using platform encoding (Cp1252 actually) to copy filtered resources, i.e. build is platform dependent!
2017-04-14 13:14:32,172 [Worker-76] INFO  o.e.m.c.i.embedder.EclipseLogger - skip non existing resourceDirectory C:\Users\bmakjsimov\workspace_neon\WS-INCHTOCM\src\main\resources
2017-04-14 13:14:32,173 [Worker-76] WARN  o.e.m.c.i.embedder.EclipseLogger - Using platform encoding (Cp1252 actually) to copy filtered resources, i.e. build is platform dependent!
2017-04-14 13:14:32,174 [Worker-76] INFO  o.e.m.c.i.embedder.EclipseLogger - skip non existing resourceDirectory C:\Users\bmakjsimov\workspace_neon\WS-INCHTOCM\src\test\resources
2017-04-14 13:14:33,308 [Worker-75] WARN  o.e.m.c.i.embedder.EclipseLogger - Using platform encoding (Cp1252 actually) to copy filtered resources, i.e. build is platform dependent!
2017-04-14 13:14:33,310 [Worker-75] INFO  o.e.m.c.i.embedder.EclipseLogger - skip non existing resourceDirectory C:\Users\bmakjsimov\workspace_neon\WS-INCHTOCM\src\main\resources
2017-04-14 13:14:33,312 [Worker-75] WARN  o.e.m.c.i.embedder.EclipseLogger - Using platform encoding (Cp1252 actually) to copy filtered resources, i.e. build is platform dependent!
2017-04-14 13:14:33,313 [Worker-75] INFO  o.e.m.c.i.embedder.EclipseLogger - skip non existing resourceDirectory C:\Users\bmakjsimov\workspace_neon\WS-INCHTOCM\src\test\resources
2017-04-14 13:16:24,640 [Worker-70] INFO  o.e.m.c.i.l.LifecycleMappingFactory - Using org.maven.ide.eclipse.wtp.WarLifecycleMapping lifecycle mapping for MavenProject: WS-INCHTOCM:WS-INCHTOCM:0.0.1-SNAPSHOT @ C:\Users\bmakjsimov\workspace_neon\WS-INCHTOCM\pom.xml.
2017-04-14 13:16:26,022 [Worker-70] WARN  o.e.m.c.i.embedder.EclipseLogger - Using platform encoding (Cp1252 actually) to copy filtered resources, i.e. build is platform dependent!
2017-04-14 13:16:26,023 [Worker-70] INFO  o.e.m.c.i.embedder.EclipseLogger - skip non existing resourceDirectory C:\Users\bmakjsimov\workspace_neon\WS-INCHTOCM\src\main\resources
2017-04-14 13:16:26,025 [Worker-70] WARN  o.e.m.c.i.embedder.EclipseLogger - Using platform encoding (Cp1252 actually) to copy filtered resources, i.e. build is platform dependent!
2017-04-14 13:16:26,026 [Worker-70] INFO  o.e.m.c.i.embedder.EclipseLogger - skip non existing resourceDirectory C:\Users\bmakjsimov\workspace_neon\WS-INCHTOCM\src\test\resources
2017-04-14 13:16:26,026 [Worker-70] INFO  o.e.m.w.i.f.ResourceFilteringBuildParticipant - Changed resources require a complete clean of filtered resources of WS-INCHTOCM
2017-04-14 13:16:26,026 [Worker-70] INFO  o.e.m.w.i.f.ResourceFilteringBuildParticipant - Executing resource filtering for WS-INCHTOCM
2017-04-14 13:16:26,030 [Worker-70] WARN  o.e.m.c.i.embedder.EclipseLogger - Using platform encoding (Cp1252 actually) to copy filtered resources, i.e. build is platform dependent!
2017-04-14 13:16:57,720 [Worker-70] INFO  o.e.m.i.launch.MavenLaunchDelegate - C:\Users\bmakjsimov\workspace_neon\WS-INCHTOCM
2017-04-14 13:16:57,721 [Worker-70] INFO  o.e.m.i.launch.MavenLaunchDelegate -  mvn -B install
2017-04-14 13:17:01,413 [Worker-80] WARN  o.e.m.c.i.embedder.EclipseLogger - Using platform encoding (Cp1252 actually) to copy filtered resources, i.e. build is platform dependent!
2017-04-14 13:17:01,414 [Worker-80] INFO  o.e.m.c.i.embedder.EclipseLogger - skip non existing resourceDirectory C:\Users\bmakjsimov\workspace_neon\WS-INCHTOCM\src\main\resources
2017-04-14 13:17:01,415 [Worker-80] WARN  o.e.m.c.i.embedder.EclipseLogger - Using platform encoding (Cp1252 actually) to copy filtered resources, i.e. build is platform dependent!
2017-04-14 13:17:01,416 [Worker-80] INFO  o.e.m.c.i.embedder.EclipseLogger - skip non existing resourceDirectory C:\Users\bmakjsimov\workspace_neon\WS-INCHTOCM\src\test\resources
2017-04-14 13:17:59,459 [Worker-77] WARN  o.e.m.c.i.embedder.EclipseLogger - Using platform encoding (Cp1252 actually) to copy filtered resources, i.e. build is platform dependent!
2017-04-14 13:17:59,460 [Worker-77] INFO  o.e.m.c.i.embedder.EclipseLogger - skip non existing resourceDirectory C:\Users\bmakjsimov\workspace_neon\WS-INCHTOCM\src\main\resources
2017-04-14 13:17:59,461 [Worker-77] WARN  o.e.m.c.i.embedder.EclipseLogger - Using platform encoding (Cp1252 actually) to copy filtered resources, i.e. build is platform dependent!
2017-04-14 13:17:59,462 [Worker-77] INFO  o.e.m.c.i.embedder.EclipseLogger - skip non existing resourceDirectory C:\Users\bmakjsimov\workspace_neon\WS-INCHTOCM\src\test\resources
2017-04-14 13:17:59,463 [Worker-77] INFO  o.e.m.w.i.f.ResourceFilteringBuildParticipant - Changed resources require a complete clean of filtered resources of WS-INCHTOCM
2017-04-14 13:17:59,463 [Worker-77] INFO  o.e.m.w.i.f.ResourceFilteringBuildParticipant - Executing resource filtering for WS-INCHTOCM
2017-04-14 13:17:59,473 [Worker-77] WARN  o.e.m.c.i.embedder.EclipseLogger - Using platform encoding (Cp1252 actually) to copy filtered resources, i.e. build is platform dependent!
2017-04-14 13:18:33,132 [Worker-81] INFO  o.e.m.i.launch.MavenLaunchDelegate - C:\Users\bmakjsimov\workspace_neon\WS-INCHTOCM
2017-04-14 13:18:33,132 [Worker-81] INFO  o.e.m.i.launch.MavenLaunchDelegate -  mvn -B install
2017-04-14 13:18:37,103 [Worker-77] WARN  o.e.m.c.i.embedder.EclipseLogger - Using platform encoding (Cp1252 actually) to copy filtered resources, i.e. build is platform dependent!
2017-04-14 13:18:37,104 [Worker-77] INFO  o.e.m.c.i.embedder.EclipseLogger - skip non existing resourceDirectory C:\Users\bmakjsimov\workspace_neon\WS-INCHTOCM\src\main\resources
2017-04-14 13:18:37,105 [Worker-77] WARN  o.e.m.c.i.embedder.EclipseLogger - Using platform encoding (Cp1252 actually) to copy filtered resources, i.e. build is platform dependent!
2017-04-14 13:18:37,105 [Worker-77] INFO  o.e.m.c.i.embedder.EclipseLogger - skip non existing resourceDirectory C:\Users\bmakjsimov\workspace_neon\WS-INCHTOCM\src\test\resources
2017-04-14 13:22:08,299 [Worker-80] WARN  o.e.m.c.i.embedder.EclipseLogger - Using platform encoding (Cp1252 actually) to copy filtered resources, i.e. build is platform dependent!
2017-04-14 13:22:08,301 [Worker-80] INFO  o.e.m.c.i.embedder.EclipseLogger - skip non existing resourceDirectory C:\Users\bmakjsimov\workspace_neon\WS-INCHTOCM\src\main\resources
2017-04-14 13:22:08,302 [Worker-80] WARN  o.e.m.c.i.embedder.EclipseLogger - Using platform encoding (Cp1252 actually) to copy filtered resources, i.e. build is platform dependent!
2017-04-14 13:22:08,303 [Worker-80] INFO  o.e.m.c.i.embedder.EclipseLogger - skip non existing resourceDirectory C:\Users\bmakjsimov\workspace_neon\WS-INCHTOCM\src\test\resources
2017-04-14 13:28:42,362 [Worker-87] INFO  o.e.m.c.i.l.LifecycleMappingFactory - Using org.maven.ide.eclipse.wtp.WarLifecycleMapping lifecycle mapping for MavenProject: WS-INCHTOCM:WS-INCHTOCM:0.0.1-SNAPSHOT @ C:\Users\bmakjsimov\workspace_neon\WS-INCHTOCM\pom.xml.
2017-04-14 13:28:43,299 [Worker-87] INFO  o.e.m.j.i.AbstractJavaProjectConfigurator - Adding source folder /WS-INCHTOCM/src
2017-04-14 13:28:43,299 [Worker-87] INFO  o.e.m.j.i.AbstractJavaProjectConfigurator - Not adding source folder /WS-INCHTOCM/src/test/java because it overlaps with /WS-INCHTOCM/src
2017-04-14 13:28:43,633 [Worker-87] INFO  o.e.m.c.i.p.ProjectConfigurationManager - Update started
2017-04-14 13:28:44,076 [Worker-87] INFO  o.e.m.c.i.l.LifecycleMappingFactory - Using org.maven.ide.eclipse.wtp.WarLifecycleMapping lifecycle mapping for MavenProject: WS-INCHTOCM:WS-INCHTOCM:0.0.1-SNAPSHOT @ C:\Users\bmakjsimov\workspace_neon\WS-INCHTOCM\pom.xml.
2017-04-14 13:28:44,756 [Worker-87] INFO  o.e.m.j.i.AbstractJavaProjectConfigurator - Adding source folder /WS-INCHTOCM/src
2017-04-14 13:28:44,756 [Worker-87] INFO  o.e.m.j.i.AbstractJavaProjectConfigurator - Not adding source folder /WS-INCHTOCM/src/test/java because it overlaps with /WS-INCHTOCM/src
2017-04-14 13:28:44,942 [Worker-87] INFO  o.e.m.w.i.f.ResourceFilteringBuildParticipant - Cleaning filtered folder for WS-INCHTOCM
2017-04-14 13:28:44,954 [Worker-87] INFO  o.e.m.c.i.p.ProjectConfigurationManager - Update completed: 1 sec
2017-04-14 13:28:45,158 [Worker-90] WARN  o.e.m.c.i.embedder.EclipseLogger - Using platform encoding (Cp1252 actually) to copy filtered resources, i.e. build is platform dependent!
2017-04-14 13:28:45,159 [Worker-90] INFO  o.e.m.c.i.embedder.EclipseLogger - skip non existing resourceDirectory C:\Users\bmakjsimov\workspace_neon\WS-INCHTOCM\src\main\resources
2017-04-14 13:28:45,163 [Worker-90] WARN  o.e.m.c.i.embedder.EclipseLogger - Using platform encoding (Cp1252 actually) to copy filtered resources, i.e. build is platform dependent!
2017-04-14 13:28:45,164 [Worker-90] INFO  o.e.m.c.i.embedder.EclipseLogger - skip non existing resourceDirectory C:\Users\bmakjsimov\workspace_neon\WS-INCHTOCM\src\test\resources
2017-04-14 13:28:45,165 [Worker-90] INFO  o.e.m.w.i.f.ResourceFilteringBuildParticipant - Changed resources require a complete clean of filtered resources of WS-INCHTOCM
2017-04-14 13:28:45,165 [Worker-90] INFO  o.e.m.w.i.f.ResourceFilteringBuildParticipant - Executing resource filtering for WS-INCHTOCM
2017-04-14 13:28:45,175 [Worker-90] WARN  o.e.m.c.i.embedder.EclipseLogger - Using platform encoding (Cp1252 actually) to copy filtered resources, i.e. build is platform dependent!
2017-04-14 13:28:59,323 [Worker-82] INFO  o.e.m.i.launch.MavenLaunchDelegate - C:\Users\bmakjsimov\workspace_neon\WS-INCHTOCM
2017-04-14 13:28:59,323 [Worker-82] INFO  o.e.m.i.launch.MavenLaunchDelegate -  mvn -B install
2017-04-14 13:29:03,652 [Worker-92] WARN  o.e.m.c.i.embedder.EclipseLogger - Using platform encoding (Cp1252 actually) to copy filtered resources, i.e. build is platform dependent!
2017-04-14 13:29:03,655 [Worker-92] INFO  o.e.m.c.i.embedder.EclipseLogger - skip non existing resourceDirectory C:\Users\bmakjsimov\workspace_neon\WS-INCHTOCM\src\main\resources
2017-04-14 13:29:03,657 [Worker-92] WARN  o.e.m.c.i.embedder.EclipseLogger - Using platform encoding (Cp1252 actually) to copy filtered resources, i.e. build is platform dependent!
2017-04-14 13:29:03,659 [Worker-92] INFO  o.e.m.c.i.embedder.EclipseLogger - skip non existing resourceDirectory C:\Users\bmakjsimov\workspace_neon\WS-INCHTOCM\src\test\resources
2017-04-14 13:33:01,081 [Worker-82] INFO  o.e.m.c.i.l.LifecycleMappingFactory - Using org.maven.ide.eclipse.wtp.WarLifecycleMapping lifecycle mapping for MavenProject: WS-INCHTOCM:WS-INCHTOCM:0.0.1-SNAPSHOT @ C:\Users\bmakjsimov\workspace_neon\WS-INCHTOCM\pom.xml.
2017-04-14 13:33:01,799 [Worker-82] WARN  o.e.m.c.i.embedder.EclipseLogger - Using platform encoding (Cp1252 actually) to copy filtered resources, i.e. build is platform dependent!
2017-04-14 13:33:01,800 [Worker-82] INFO  o.e.m.c.i.embedder.EclipseLogger - skip non existing resourceDirectory C:\Users\bmakjsimov\workspace_neon\WS-INCHTOCM\src\main\resources
2017-04-14 13:33:01,802 [Worker-82] WARN  o.e.m.c.i.embedder.EclipseLogger - Using platform encoding (Cp1252 actually) to copy filtered resources, i.e. build is platform dependent!
2017-04-14 13:33:01,803 [Worker-82] INFO  o.e.m.c.i.embedder.EclipseLogger - skip non existing resourceDirectory C:\Users\bmakjsimov\workspace_neon\WS-INCHTOCM\src\test\resources
2017-04-14 13:33:01,803 [Worker-82] INFO  o.e.m.w.i.f.ResourceFilteringBuildParticipant - Changed resources require a complete clean of filtered resources of WS-INCHTOCM
2017-04-14 13:33:01,803 [Worker-82] INFO  o.e.m.w.i.f.ResourceFilteringBuildParticipant - Executing resource filtering for WS-INCHTOCM
2017-04-14 13:33:01,807 [Worker-82] WARN  o.e.m.c.i.embedder.EclipseLogger - Using platform encoding (Cp1252 actually) to copy filtered resources, i.e. build is platform dependent!
2017-04-14 13:33:07,678 [Worker-96] INFO  o.e.m.i.launch.MavenLaunchDelegate - C:\Users\bmakjsimov\workspace_neon\WS-INCHTOCM
2017-04-14 13:33:07,678 [Worker-96] INFO  o.e.m.i.launch.MavenLaunchDelegate -  mvn -B install
2017-04-14 13:33:12,029 [Worker-82] WARN  o.e.m.c.i.embedder.EclipseLogger - Using platform encoding (Cp1252 actually) to copy filtered resources, i.e. build is platform dependent!
2017-04-14 13:33:12,030 [Worker-82] INFO  o.e.m.c.i.embedder.EclipseLogger - skip non existing resourceDirectory C:\Users\bmakjsimov\workspace_neon\WS-INCHTOCM\src\main\resources
2017-04-14 13:33:12,031 [Worker-82] WARN  o.e.m.c.i.embedder.EclipseLogger - Using platform encoding (Cp1252 actually) to copy filtered resources, i.e. build is platform dependent!
2017-04-14 13:33:12,032 [Worker-82] INFO  o.e.m.c.i.embedder.EclipseLogger - skip non existing resourceDirectory C:\Users\bmakjsimov\workspace_neon\WS-INCHTOCM\src\test\resources
2017-04-14 13:33:29,065 [Worker-93] INFO  o.e.m.c.i.p.ProjectConfigurationManager - Update started
2017-04-14 13:33:29,485 [Worker-93] INFO  o.e.m.c.i.l.LifecycleMappingFactory - Using org.maven.ide.eclipse.wtp.WarLifecycleMapping lifecycle mapping for MavenProject: WS-INCHTOCM:WS-INCHTOCM:0.0.1-SNAPSHOT @ C:\Users\bmakjsimov\workspace_neon\WS-INCHTOCM\pom.xml.
2017-04-14 13:33:30,097 [Worker-93] INFO  o.e.m.j.i.AbstractJavaProjectConfigurator - Adding source folder /WS-INCHTOCM/src
2017-04-14 13:33:30,097 [Worker-93] INFO  o.e.m.j.i.AbstractJavaProjectConfigurator - Not adding source folder /WS-INCHTOCM/src/test/java because it overlaps with /WS-INCHTOCM/src
2017-04-14 13:33:30,346 [Worker-93] INFO  o.e.m.w.i.f.ResourceFilteringBuildParticipant - Cleaning filtered folder for WS-INCHTOCM
2017-04-14 13:33:30,368 [Worker-93] INFO  o.e.m.c.i.p.ProjectConfigurationManager - Update completed: 1 sec
2017-04-14 13:33:30,667 [Worker-95] WARN  o.e.m.c.i.embedder.EclipseLogger - Using platform encoding (Cp1252 actually) to copy filtered resources, i.e. build is platform dependent!
2017-04-14 13:33:30,669 [Worker-95] INFO  o.e.m.c.i.embedder.EclipseLogger - skip non existing resourceDirectory C:\Users\bmakjsimov\workspace_neon\WS-INCHTOCM\src\main\resources
2017-04-14 13:33:30,671 [Worker-95] WARN  o.e.m.c.i.embedder.EclipseLogger - Using platform encoding (Cp1252 actually) to copy filtered resources, i.e. build is platform dependent!
2017-04-14 13:33:30,672 [Worker-95] INFO  o.e.m.c.i.embedder.EclipseLogger - skip non existing resourceDirectory C:\Users\bmakjsimov\workspace_neon\WS-INCHTOCM\src\test\resources
2017-04-14 13:33:30,672 [Worker-95] INFO  o.e.m.w.i.f.ResourceFilteringBuildParticipant - Changed resources require a complete clean of filtered resources of WS-INCHTOCM
2017-04-14 13:33:30,672 [Worker-95] INFO  o.e.m.w.i.f.ResourceFilteringBuildParticipant - Executing resource filtering for WS-INCHTOCM
2017-04-14 13:33:30,681 [Worker-95] WARN  o.e.m.c.i.embedder.EclipseLogger - Using platform encoding (Cp1252 actually) to copy filtered resources, i.e. build is platform dependent!
2017-04-14 13:34:09,144 [Worker-95] WARN  o.e.m.c.i.embedder.EclipseLogger - Using platform encoding (Cp1252 actually) to copy filtered resources, i.e. build is platform dependent!
2017-04-14 13:34:09,147 [Worker-95] INFO  o.e.m.c.i.embedder.EclipseLogger - skip non existing resourceDirectory C:\Users\bmakjsimov\workspace_neon\WS-INCHTOCM\src\main\resources
2017-04-14 13:34:09,149 [Worker-95] WARN  o.e.m.c.i.embedder.EclipseLogger - Using platform encoding (Cp1252 actually) to copy filtered resources, i.e. build is platform dependent!
2017-04-14 13:34:09,152 [Worker-95] INFO  o.e.m.c.i.embedder.EclipseLogger - skip non existing resourceDirectory C:\Users\bmakjsimov\workspace_neon\WS-INCHTOCM\src\test\resources
2017-04-14 13:34:41,780 [Worker-88] WARN  o.e.m.c.i.embedder.EclipseLogger - Using platform encoding (Cp1252 actually) to copy filtered resources, i.e. build is platform dependent!
2017-04-14 13:34:41,781 [Worker-88] INFO  o.e.m.c.i.embedder.EclipseLogger - skip non existing resourceDirectory C:\Users\bmakjsimov\workspace_neon\WS-INCHTOCM\src\main\resources
2017-04-14 13:34:41,782 [Worker-88] WARN  o.e.m.c.i.embedder.EclipseLogger - Using platform encoding (Cp1252 actually) to copy filtered resources, i.e. build is platform dependent!
2017-04-14 13:34:41,783 [Worker-88] INFO  o.e.m.c.i.embedder.EclipseLogger - skip non existing resourceDirectory C:\Users\bmakjsimov\workspace_neon\WS-INCHTOCM\src\test\resources
2017-04-14 13:35:26,514 [Worker-97] WARN  o.e.m.c.i.embedder.EclipseLogger - Using platform encoding (Cp1252 actually) to copy filtered resources, i.e. build is platform dependent!
2017-04-14 13:35:26,515 [Worker-97] INFO  o.e.m.c.i.embedder.EclipseLogger - skip non existing resourceDirectory C:\Users\bmakjsimov\workspace_neon\WS-INCHTOCM\src\main\resources
2017-04-14 13:35:26,516 [Worker-97] WARN  o.e.m.c.i.embedder.EclipseLogger - Using platform encoding (Cp1252 actually) to copy filtered resources, i.e. build is platform dependent!
2017-04-14 13:35:26,517 [Worker-97] INFO  o.e.m.c.i.embedder.EclipseLogger - skip non existing resourceDirectory C:\Users\bmakjsimov\workspace_neon\WS-INCHTOCM\src\test\resources
2017-04-14 13:48:53,505 [Worker-99] INFO  o.e.m.c.i.l.LifecycleMappingFactory - Using org.maven.ide.eclipse.wtp.WarLifecycleMapping lifecycle mapping for MavenProject: WS-CMTOINCH:WS-CMTOINCH:0.0.1-SNAPSHOT @ C:\Users\bmakjsimov\workspace_neon\WS-CMTOINCH\pom.xml.
2017-04-14 13:48:54,571 [Worker-99] INFO  o.e.m.j.i.AbstractJavaProjectConfigurator - Adding source folder /WS-CMTOINCH/src
2017-04-14 13:48:54,572 [Worker-99] INFO  o.e.m.j.i.AbstractJavaProjectConfigurator - Not adding source folder /WS-CMTOINCH/src/test/java because it overlaps with /WS-CMTOINCH/src
2017-04-14 13:48:54,918 [Worker-99] INFO  o.e.m.c.i.p.ProjectConfigurationManager - Update started
2017-04-14 13:48:55,423 [Worker-99] INFO  o.e.m.c.i.l.LifecycleMappingFactory - Using org.maven.ide.eclipse.wtp.WarLifecycleMapping lifecycle mapping for MavenProject: WS-CMTOINCH:WS-CMTOINCH:0.0.1-SNAPSHOT @ C:\Users\bmakjsimov\workspace_neon\WS-CMTOINCH\pom.xml.
2017-04-14 13:48:56,198 [Worker-99] INFO  o.e.m.j.i.AbstractJavaProjectConfigurator - Adding source folder /WS-CMTOINCH/src
2017-04-14 13:48:56,199 [Worker-99] INFO  o.e.m.j.i.AbstractJavaProjectConfigurator - Not adding source folder /WS-CMTOINCH/src/test/java because it overlaps with /WS-CMTOINCH/src
2017-04-14 13:48:56,318 [Worker-99] INFO  o.e.m.w.i.f.ResourceFilteringBuildParticipant - Cleaning filtered folder for WS-CMTOINCH
2017-04-14 13:48:56,326 [Worker-99] INFO  o.e.m.c.i.p.ProjectConfigurationManager - Update completed: 1 sec
2017-04-14 13:48:56,539 [Worker-110] WARN  o.e.m.c.i.embedder.EclipseLogger - Using platform encoding (Cp1252 actually) to copy filtered resources, i.e. build is platform dependent!
2017-04-14 13:48:56,540 [Worker-110] INFO  o.e.m.c.i.embedder.EclipseLogger - skip non existing resourceDirectory C:\Users\bmakjsimov\workspace_neon\WS-CMTOINCH\src\main\resources
2017-04-14 13:48:56,542 [Worker-110] WARN  o.e.m.c.i.embedder.EclipseLogger - Using platform encoding (Cp1252 actually) to copy filtered resources, i.e. build is platform dependent!
2017-04-14 13:48:56,543 [Worker-110] INFO  o.e.m.c.i.embedder.EclipseLogger - skip non existing resourceDirectory C:\Users\bmakjsimov\workspace_neon\WS-CMTOINCH\src\test\resources
2017-04-14 13:48:56,543 [Worker-110] INFO  o.e.m.w.i.f.ResourceFilteringBuildParticipant - Changed resources require a complete clean of filtered resources of WS-CMTOINCH
2017-04-14 13:48:56,543 [Worker-110] INFO  o.e.m.w.i.f.ResourceFilteringBuildParticipant - Executing resource filtering for WS-CMTOINCH
2017-04-14 13:48:56,549 [Worker-110] WARN  o.e.m.c.i.embedder.EclipseLogger - Using platform encoding (Cp1252 actually) to copy filtered resources, i.e. build is platform dependent!
2017-04-14 13:50:41,698 [Worker-109] INFO  o.e.m.i.launch.MavenLaunchDelegate - C:\Users\bmakjsimov\workspace_neon\WS-CMTOINCH
2017-04-14 13:50:41,698 [Worker-109] INFO  o.e.m.i.launch.MavenLaunchDelegate -  mvn -B install
2017-04-14 13:50:46,500 [Worker-112] INFO  o.e.m.c.i.l.LifecycleMappingFactory - Using org.maven.ide.eclipse.wtp.WarLifecycleMapping lifecycle mapping for MavenProject: WS-CMTOINCH:WS-CMTOINCH:0.0.1-SNAPSHOT @ C:\Users\bmakjsimov\workspace_neon\WS-CMTOINCH\pom.xml.
2017-04-14 13:50:47,098 [Worker-112] WARN  o.e.m.c.i.embedder.EclipseLogger - Using platform encoding (Cp1252 actually) to copy filtered resources, i.e. build is platform dependent!
2017-04-14 13:50:47,099 [Worker-112] INFO  o.e.m.c.i.embedder.EclipseLogger - skip non existing resourceDirectory C:\Users\bmakjsimov\workspace_neon\WS-CMTOINCH\src\main\resources
2017-04-14 13:50:47,101 [Worker-112] WARN  o.e.m.c.i.embedder.EclipseLogger - Using platform encoding (Cp1252 actually) to copy filtered resources, i.e. build is platform dependent!
2017-04-14 13:50:47,102 [Worker-112] INFO  o.e.m.c.i.embedder.EclipseLogger - skip non existing resourceDirectory C:\Users\bmakjsimov\workspace_neon\WS-CMTOINCH\src\test\resources
2017-04-14 13:50:47,102 [Worker-112] INFO  o.e.m.w.i.f.ResourceFilteringBuildParticipant - Changed resources require a complete clean of filtered resources of WS-CMTOINCH
2017-04-14 13:50:47,102 [Worker-112] INFO  o.e.m.w.i.f.ResourceFilteringBuildParticipant - Executing resource filtering for WS-CMTOINCH
2017-04-14 13:50:47,106 [Worker-112] WARN  o.e.m.c.i.embedder.EclipseLogger - Using platform encoding (Cp1252 actually) to copy filtered resources, i.e. build is platform dependent!
2017-04-14 13:51:03,782 [Worker-117] INFO  o.e.m.c.i.p.ProjectConfigurationManager - Update started
2017-04-14 13:51:04,144 [Worker-117] INFO  o.e.m.c.i.l.LifecycleMappingFactory - Using org.maven.ide.eclipse.wtp.WarLifecycleMapping lifecycle mapping for MavenProject: WS-CMTOINCH:WS-CMTOINCH:0.0.1-SNAPSHOT @ C:\Users\bmakjsimov\workspace_neon\WS-CMTOINCH\pom.xml.
2017-04-14 13:51:04,840 [Worker-117] INFO  o.e.m.j.i.AbstractJavaProjectConfigurator - Adding source folder /WS-CMTOINCH/src
2017-04-14 13:51:04,841 [Worker-117] INFO  o.e.m.j.i.AbstractJavaProjectConfigurator - Not adding source folder /WS-CMTOINCH/src/test/java because it overlaps with /WS-CMTOINCH/src
2017-04-14 13:51:05,026 [Worker-117] INFO  o.e.m.w.i.f.ResourceFilteringBuildParticipant - Cleaning filtered folder for WS-CMTOINCH
2017-04-14 13:51:05,039 [Worker-117] INFO  o.e.m.c.i.p.ProjectConfigurationManager - Update completed: 1 sec
2017-04-14 13:51:05,451 [Worker-109] WARN  o.e.m.c.i.embedder.EclipseLogger - Using platform encoding (Cp1252 actually) to copy filtered resources, i.e. build is platform dependent!
2017-04-14 13:51:05,453 [Worker-109] INFO  o.e.m.c.i.embedder.EclipseLogger - skip non existing resourceDirectory C:\Users\bmakjsimov\workspace_neon\WS-CMTOINCH\src\main\resources
2017-04-14 13:51:05,455 [Worker-109] WARN  o.e.m.c.i.embedder.EclipseLogger - Using platform encoding (Cp1252 actually) to copy filtered resources, i.e. build is platform dependent!
2017-04-14 13:51:05,456 [Worker-109] INFO  o.e.m.c.i.embedder.EclipseLogger - skip non existing resourceDirectory C:\Users\bmakjsimov\workspace_neon\WS-CMTOINCH\src\test\resources
2017-04-14 13:51:05,456 [Worker-109] INFO  o.e.m.w.i.f.ResourceFilteringBuildParticipant - Changed resources require a complete clean of filtered resources of WS-CMTOINCH
2017-04-14 13:51:05,456 [Worker-109] INFO  o.e.m.w.i.f.ResourceFilteringBuildParticipant - Executing resource filtering for WS-CMTOINCH
2017-04-14 13:51:05,461 [Worker-109] WARN  o.e.m.c.i.embedder.EclipseLogger - Using platform encoding (Cp1252 actually) to copy filtered resources, i.e. build is platform dependent!
2017-04-14 13:52:40,005 [Worker-113] WARN  o.e.m.c.i.embedder.EclipseLogger - Using platform encoding (Cp1252 actually) to copy filtered resources, i.e. build is platform dependent!
2017-04-14 13:52:40,006 [Worker-113] INFO  o.e.m.c.i.embedder.EclipseLogger - skip non existing resourceDirectory C:\Users\bmakjsimov\workspace_neon\WS-CMTOINCH\src\main\resources
2017-04-14 13:52:40,007 [Worker-113] WARN  o.e.m.c.i.embedder.EclipseLogger - Using platform encoding (Cp1252 actually) to copy filtered resources, i.e. build is platform dependent!
2017-04-14 13:52:40,014 [Worker-113] INFO  o.e.m.c.i.embedder.EclipseLogger - skip non existing resourceDirectory C:\Users\bmakjsimov\workspace_neon\WS-CMTOINCH\src\test\resources
2017-04-14 13:53:06,042 [Worker-117] WARN  o.e.m.c.i.embedder.EclipseLogger - Using platform encoding (Cp1252 actually) to copy filtered resources, i.e. build is platform dependent!
2017-04-14 13:53:06,043 [Worker-117] INFO  o.e.m.c.i.embedder.EclipseLogger - skip non existing resourceDirectory C:\Users\bmakjsimov\workspace_neon\WS-CMTOINCH\src\main\resources
2017-04-14 13:53:06,044 [Worker-117] WARN  o.e.m.c.i.embedder.EclipseLogger - Using platform encoding (Cp1252 actually) to copy filtered resources, i.e. build is platform dependent!
2017-04-14 13:53:06,045 [Worker-117] INFO  o.e.m.c.i.embedder.EclipseLogger - skip non existing resourceDirectory C:\Users\bmakjsimov\workspace_neon\WS-CMTOINCH\src\test\resources
2017-04-14 13:55:43,392 [Worker-112] WARN  o.e.m.c.i.embedder.EclipseLogger - Using platform encoding (Cp1252 actually) to copy filtered resources, i.e. build is platform dependent!
2017-04-14 13:55:43,394 [Worker-112] INFO  o.e.m.c.i.embedder.EclipseLogger - skip non existing resourceDirectory C:\Users\bmakjsimov\workspace_neon\WS-CMTOINCH\src\main\resources
2017-04-14 13:55:43,395 [Worker-112] WARN  o.e.m.c.i.embedder.EclipseLogger - Using platform encoding (Cp1252 actually) to copy filtered resources, i.e. build is platform dependent!
2017-04-14 13:55:43,397 [Worker-112] INFO  o.e.m.c.i.embedder.EclipseLogger - skip non existing resourceDirectory C:\Users\bmakjsimov\workspace_neon\WS-CMTOINCH\src\test\resources
2017-04-14 13:57:16,753 [Worker-116] WARN  o.e.m.c.i.embedder.EclipseLogger - Using platform encoding (Cp1252 actually) to copy filtered resources, i.e. build is platform dependent!
2017-04-14 13:57:16,754 [Worker-116] INFO  o.e.m.c.i.embedder.EclipseLogger - skip non existing resourceDirectory C:\Users\bmakjsimov\workspace_neon\WS-CMTOINCH\src\main\resources
2017-04-14 13:57:16,755 [Worker-116] WARN  o.e.m.c.i.embedder.EclipseLogger - Using platform encoding (Cp1252 actually) to copy filtered resources, i.e. build is platform dependent!
2017-04-14 13:57:16,756 [Worker-116] INFO  o.e.m.c.i.embedder.EclipseLogger - skip non existing resourceDirectory C:\Users\bmakjsimov\workspace_neon\WS-CMTOINCH\src\test\resources
